#
# There is insufficient memory for the Java Runtime Environment to continue.
# Native memory allocation (mmap) failed to map 39845888 bytes for Failed to commit area from 0x000000008bc00000 to 0x000000008e200000 of length 39845888.
# Possible reasons:
#   The system is out of physical RAM or swap space
#   The process is running with CompressedOops enabled, and the Java Heap may be blocking the growth of the native heap
# Possible solutions:
#   Reduce memory load on the system
#   Increase physical memory or swap space
#   Check if swap backing store is full
#   Decrease Java heap size (-Xmx/-Xms)
#   Decrease number of Java threads
#   Decrease Java thread stack sizes (-Xss)
#   Set larger code cache with -XX:ReservedCodeCacheSize=
#   JVM is running with Unscaled Compressed Oops mode in which the Java heap is
#     placed in the first 4GB address space. The Java Heap base address is the
#     maximum limit for the native heap growth. Please use -XX:HeapBaseMinAddress
#     to set the Java Heap base and to place the Java Heap above 4GB virtual address.
# This output file may be truncated or incomplete.
#
#  Out of Memory Error (./src/hotspot/os/windows/os_windows.cpp:3619), pid=11616, tid=20268
#
# JRE version: OpenJDK Runtime Environment (11.0.13) (build 11.0.13+0-b1751.21-8125866)
# Java VM: OpenJDK 64-Bit Server VM (11.0.13+0-b1751.21-8125866, mixed mode, tiered, compressed oops, g1 gc, windows-amd64)
# No core dump will be written. Minidumps are not enabled by default on client versions of Windows
#

---------------  S U M M A R Y ------------

Command Line: --add-opens=java.base/java.util=ALL-UNNAMED --add-opens=java.base/java.lang=ALL-UNNAMED --add-opens=java.base/java.lang.invoke=ALL-UNNAMED --add-opens=java.base/java.util=ALL-UNNAMED --add-opens=java.prefs/java.util.prefs=ALL-UNNAMED --add-opens=java.prefs/java.util.prefs=ALL-UNNAMED --add-opens=java.base/java.nio.charset=ALL-UNNAMED --add-opens=java.base/java.net=ALL-UNNAMED --add-opens=java.base/java.util.concurrent.atomic=ALL-UNNAMED -Xmx2048m -Dfile.encoding=UTF-8 -Duser.country=US -Duser.language=en -Duser.variant org.gradle.launcher.daemon.bootstrap.GradleDaemon 7.4

Host: AMD Ryzen 5 4600H with Radeon Graphics         , 12 cores, 7G,  Windows 10 , 64 bit Build 19041 (10.0.19041.3031)
Time: Thu Jul  6 00:06:13 2023 Egypt Daylight Time elapsed time: 44.063055 seconds (0d 0h 0m 44s)

---------------  T H R E A D  ---------------

Current thread (0x000001a351783800):  VMThread "VM Thread" [stack: 0x0000000d90800000,0x0000000d90900000] [id=20268]

Stack: [0x0000000d90800000,0x0000000d90900000]
[error occurred during error reporting (printing stack bounds), id 0xc0000005, EXCEPTION_ACCESS_VIOLATION (0xc0000005) at pc=0x000001a33a20112d]

Native frames: (J=compiled Java code, j=interpreted, Vv=VM code, C=native code)
V  [jvm.dll+0x6100fa]
V  [jvm.dll+0x747090]
V  [jvm.dll+0x7486ad]
V  [jvm.dll+0x748ce5]
V  [jvm.dll+0x748c9b]
V  [jvm.dll+0x60f224]
V  [jvm.dll+0x60f9b8]
C  [ntdll.dll+0xa247f]
C  [ntdll.dll+0x514f4]
C  [ntdll.dll+0xa0f8e]
C  0x000001a33a20112d

VM_Operation (0x0000000d94efd3a0): G1CollectForAllocation, mode: safepoint, requested by thread 0x000001a357cac800


---------------  P R O C E S S  ---------------

Threads class SMR info:
_java_thread_list=0x000001a35901d1d0, length=197, elements={
0x000001a334f0d000, 0x000001a351787000, 0x000001a35178a800, 0x000001a352122800,
0x000001a352123800, 0x000001a3517a6800, 0x000001a3517a9800, 0x000001a3517af000,
0x000001a3517cd000, 0x000001a352272000, 0x000001a354644800, 0x000001a3544b4000,
0x000001a35446d800, 0x000001a353c75000, 0x000001a3544a7800, 0x000001a353f28000,
0x000001a354667800, 0x000001a353f2b000, 0x000001a35329e800, 0x000001a354539800,
0x000001a35453e800, 0x000001a35453f800, 0x000001a354540000, 0x000001a35453c000,
0x000001a35453b800, 0x000001a35453a800, 0x000001a35453d000, 0x000001a35453e000,
0x000001a3561f3000, 0x000001a3561ef800, 0x000001a3561f1800, 0x000001a3561ef000,
0x000001a3561f5800, 0x000001a3561f6000, 0x000001a3561f0800, 0x000001a3561f8000,
0x000001a3561fc800, 0x000001a3561f8800, 0x000001a3561f9800, 0x000001a3561fc000,
0x000001a3561fa800, 0x000001a3561fb000, 0x000001a3561f7000, 0x000001a3561fd800,
0x000001a357ca1800, 0x000001a357ca1000, 0x000001a357ca2800, 0x000001a357ca3800,
0x000001a357ca4000, 0x000001a357ca5000, 0x000001a357c9f800, 0x000001a357ca6000,
0x000001a357ca0000, 0x000001a357cab800, 0x000001a357ca6800, 0x000001a357ca8800,
0x000001a357caa000, 0x000001a357cac800, 0x000001a357cad000, 0x000001a357caa800,
0x000001a357ca7800, 0x000001a357cae000, 0x000001a357ca9000, 0x000001a358043800,
0x000001a358043000, 0x000001a358042000, 0x000001a35804a000, 0x000001a358048800,
0x000001a358048000, 0x000001a358044800, 0x000001a358049800, 0x000001a35804b000,
0x000001a358045800, 0x000001a35804c000, 0x000001a358046000, 0x000001a35804c800,
0x000001a358047000, 0x000001a35804d800, 0x000001a358051000, 0x000001a35804e800,
0x000001a35804f000, 0x000001a358050000, 0x000001a357d0b800, 0x000001a357d09800,
0x000001a357d0a800, 0x000001a357d0d000, 0x000001a357d0c000, 0x000001a357d07000,
0x000001a357d0d800, 0x000001a357d08000, 0x000001a357d0e800, 0x000001a357d09000,
0x000001a357d14000, 0x000001a357d0f800, 0x000001a357d13800, 0x000001a357d15000,
0x000001a357d16000, 0x000001a357d12800, 0x000001a357d10000, 0x000001a357d11000,
0x000001a357d12000, 0x000001a3548e5800, 0x000001a3548e6800, 0x000001a3548e7000,
0x000001a3548e4800, 0x000001a3548e8000, 0x000001a3548e9000, 0x000001a3548e3000,
0x000001a3548e4000, 0x000001a3548ee800, 0x000001a3548ed000, 0x000001a3548ef800,
0x000001a3548e9800, 0x000001a3548eb800, 0x000001a3548ed800, 0x000001a3548f0000,
0x000001a3548ea800, 0x000001a3548f1000, 0x000001a3548ec000, 0x000001a3548f2000,
0x000001a357ef4800, 0x000001a357ef5800, 0x000001a357ef2000, 0x000001a357ef8000,
0x000001a357ef7000, 0x000001a357ef3000, 0x000001a357ef4000, 0x000001a357ef6800,
0x000001a357efd800, 0x000001a357efd000, 0x000001a357efc000, 0x000001a357efe800,
0x000001a357ef8800, 0x000001a357eff800, 0x000001a357ef9800, 0x000001a357f00000,
0x000001a357efa800, 0x000001a357f01000, 0x000001a357efb000, 0x000001a357f3b000,
0x000001a357f3a000, 0x000001a357f40000, 0x000001a357f41800, 0x000001a357f3c800,
0x000001a357f3d800, 0x000001a357f40800, 0x000001a357f3e800, 0x000001a357f3f000,
0x000001a357f3c000, 0x000001a357f46800, 0x000001a357f44000, 0x000001a357f43000,
0x000001a357f47000, 0x000001a357f48000, 0x000001a357f45800, 0x000001a357f45000,
0x000001a357f42800, 0x000001a357f49000, 0x000001a3560be000, 0x000001a3560bc800,
0x000001a3560ba000, 0x000001a3560bb000, 0x000001a3560bd000, 0x000001a3560b8800,
0x000001a3560bb800, 0x000001a3560b9000, 0x000001a3560c5800, 0x000001a3560c2000,
0x000001a3560c3000, 0x000001a3560c4800, 0x000001a3560c3800, 0x000001a3560c1800,
0x000001a3560bf800, 0x000001a3560c6000, 0x000001a3560c0800, 0x000001a3560c7000,
0x000001a3576a5000, 0x000001a3576a3000, 0x000001a3576a9000, 0x000001a3576a9800,
0x000001a3576a5800, 0x000001a3576a6800, 0x000001a3576a7000, 0x000001a35d97f800,
0x000001a357972800, 0x000001a3576a4000, 0x000001a3576b0000, 0x000001a3576ae800,
0x000001a3576aa800, 0x000001a3576ab800, 0x000001a3576ad000, 0x000001a3576af800,
0x000001a3576b1000, 0x000001a3576b2000, 0x000001a3576ac000, 0x000001a3576b2800,
0x000001a3576b3800
}

Java Threads: ( => current thread )
  0x000001a334f0d000 JavaThread "main" [_thread_blocked, id=11768, stack(0x0000000d90200000,0x0000000d90300000)]
  0x000001a351787000 JavaThread "Reference Handler" daemon [_thread_blocked, id=10216, stack(0x0000000d90900000,0x0000000d90a00000)]
  0x000001a35178a800 JavaThread "Finalizer" daemon [_thread_blocked, id=12240, stack(0x0000000d90a00000,0x0000000d90b00000)]
  0x000001a352122800 JavaThread "Signal Dispatcher" daemon [_thread_blocked, id=8008, stack(0x0000000d90b00000,0x0000000d90c00000)]
  0x000001a352123800 JavaThread "Attach Listener" daemon [_thread_blocked, id=19584, stack(0x0000000d90c00000,0x0000000d90d00000)]
  0x000001a3517a6800 JavaThread "Service Thread" daemon [_thread_blocked, id=14492, stack(0x0000000d90d00000,0x0000000d90e00000)]
  0x000001a3517a9800 JavaThread "C2 CompilerThread0" daemon [_thread_in_native, id=10532, stack(0x0000000d90e00000,0x0000000d90f00000)]
  0x000001a3517af000 JavaThread "C1 CompilerThread0" daemon [_thread_blocked, id=1516, stack(0x0000000d90f00000,0x0000000d91000000)]
  0x000001a3517cd000 JavaThread "Sweeper thread" daemon [_thread_blocked, id=12540, stack(0x0000000d91000000,0x0000000d91100000)]
  0x000001a352272000 JavaThread "Common-Cleaner" daemon [_thread_blocked, id=12484, stack(0x0000000d91100000,0x0000000d91200000)]
  0x000001a354644800 JavaThread "Daemon health stats" [_thread_blocked, id=12492, stack(0x0000000d91600000,0x0000000d91700000)]
  0x000001a3544b4000 JavaThread "Incoming local TCP Connector on port 51478" [_thread_in_native, id=14772, stack(0x0000000d91300000,0x0000000d91400000)]
  0x000001a35446d800 JavaThread "Daemon periodic checks" [_thread_blocked, id=11124, stack(0x0000000d91500000,0x0000000d91600000)]
  0x000001a353c75000 JavaThread "Daemon" [_thread_blocked, id=2964, stack(0x0000000d91700000,0x0000000d91800000)]
  0x000001a3544a7800 JavaThread "Handler for socket connection from /127.0.0.1:51478 to /127.0.0.1:51479" [_thread_in_native, id=7176, stack(0x0000000d91800000,0x0000000d91900000)]
  0x000001a353f28000 JavaThread "Cancel handler" [_thread_blocked, id=10112, stack(0x0000000d91900000,0x0000000d91a00000)]
  0x000001a354667800 JavaThread "Daemon worker" [_thread_blocked, id=19976, stack(0x0000000d91a00000,0x0000000d91b00000)]
  0x000001a353f2b000 JavaThread "Asynchronous log dispatcher for DefaultDaemonConnection: socket connection from /127.0.0.1:51478 to /127.0.0.1:51479" [_thread_blocked, id=8100, stack(0x0000000d91b00000,0x0000000d91c00000)]
  0x000001a35329e800 JavaThread "Stdin handler" [_thread_blocked, id=852, stack(0x0000000d91c00000,0x0000000d91d00000)]
  0x000001a354539800 JavaThread "Daemon client event forwarder" [_thread_blocked, id=3068, stack(0x0000000d92500000,0x0000000d92600000)]
  0x000001a35453e800 JavaThread "Cache worker for journal cache (C:\Users\mahmo\.gradle\caches\journal-1)" [_thread_blocked, id=16452, stack(0x0000000d92600000,0x0000000d92700000)]
  0x000001a35453f800 JavaThread "File lock request listener" [_thread_in_native, id=11200, stack(0x0000000d92700000,0x0000000d92800000)]
  0x000001a354540000 JavaThread "Cache worker for file hash cache (C:\Users\mahmo\.gradle\caches\7.4\fileHashes)" [_thread_blocked, id=8228, stack(0x0000000d92800000,0x0000000d92900000)]
  0x000001a35453c000 JavaThread "File watcher server" daemon [_thread_in_native, id=19384, stack(0x0000000d92c00000,0x0000000d92d00000)]
  0x000001a35453b800 JavaThread "File watcher consumer" daemon [_thread_blocked, id=8072, stack(0x0000000d92d00000,0x0000000d92e00000)]
  0x000001a35453a800 JavaThread "Cache worker for checksums cache (D:\Work\Speech Emotion Recoginition\Speech Emotion Recoginition\.gradle\7.4\checksums)" [_thread_blocked, id=1648, stack(0x0000000d92e00000,0x0000000d92f00000)]
  0x000001a35453d000 JavaThread "Cache worker for cache directory md-rule (C:\Users\mahmo\.gradle\caches\7.4\md-rule)" [_thread_blocked, id=21136, stack(0x0000000d92f00000,0x0000000d93000000)]
  0x000001a35453e000 JavaThread "Cache worker for file hash cache (D:\Work\Speech Emotion Recoginition\Speech Emotion Recoginition\.gradle\7.4\fileHashes)" [_thread_blocked, id=11324, stack(0x0000000d93000000,0x0000000d93100000)]
  0x000001a3561f3000 JavaThread "Cache worker for cache directory md-supplier (C:\Users\mahmo\.gradle\caches\7.4\md-supplier)" [_thread_blocked, id=4948, stack(0x0000000d93100000,0x0000000d93200000)]
  0x000001a3561ef800 JavaThread "Cache worker for execution history cache (C:\Users\mahmo\.gradle\caches\7.4\executionHistory)" [_thread_blocked, id=14712, stack(0x0000000d93200000,0x0000000d93300000)]
  0x000001a3561f1800 JavaThread "jar transforms" [_thread_blocked, id=15344, stack(0x0000000d93400000,0x0000000d93500000)]
  0x000001a3561ef000 JavaThread "Cache worker for file content cache (C:\Users\mahmo\.gradle\caches\7.4\fileContent)" [_thread_blocked, id=20256, stack(0x0000000d93500000,0x0000000d93600000)]
  0x000001a3561f5800 JavaThread "jar transforms Thread 2" [_thread_blocked, id=2004, stack(0x0000000d93600000,0x0000000d93700000)]
  0x000001a3561f6000 JavaThread "Cache worker for dependencies-accessors (D:\Work\Speech Emotion Recoginition\Speech Emotion Recoginition\.gradle\7.4\dependencies-accessors)" [_thread_blocked, id=19888, stack(0x0000000d93700000,0x0000000d93800000)]
  0x000001a3561f0800 JavaThread "jar transforms Thread 3" [_thread_blocked, id=20392, stack(0x0000000d93800000,0x0000000d93900000)]
  0x000001a3561f8000 JavaThread "Cache worker for Build Output Cleanup Cache (D:\Work\Speech Emotion Recoginition\Speech Emotion Recoginition\.gradle\buildOutputCleanup)" [_thread_blocked, id=4164, stack(0x0000000d92b00000,0x0000000d92c00000)]
  0x000001a3561fc800 JavaThread "Unconstrained build operations" [_thread_blocked, id=12324, stack(0x0000000d93900000,0x0000000d93a00000)]
  0x000001a3561f8800 JavaThread "Unconstrained build operations Thread 2" [_thread_blocked, id=19028, stack(0x0000000d93a00000,0x0000000d93b00000)]
  0x000001a3561f9800 JavaThread "Unconstrained build operations Thread 3" [_thread_blocked, id=9884, stack(0x0000000d93b00000,0x0000000d93c00000)]
  0x000001a3561fc000 JavaThread "Unconstrained build operations Thread 4" [_thread_blocked, id=5192, stack(0x0000000d93c00000,0x0000000d93d00000)]
  0x000001a3561fa800 JavaThread "Unconstrained build operations Thread 5" [_thread_in_native, id=18528, stack(0x0000000d93d00000,0x0000000d93e00000)]
  0x000001a3561fb000 JavaThread "Unconstrained build operations Thread 6" [_thread_blocked, id=10592, stack(0x0000000d93e00000,0x0000000d93f00000)]
  0x000001a3561f7000 JavaThread "Unconstrained build operations Thread 7" [_thread_blocked, id=6888, stack(0x0000000d93f00000,0x0000000d94000000)]
  0x000001a3561fd800 JavaThread "Unconstrained build operations Thread 8" [_thread_blocked, id=2456, stack(0x0000000d94000000,0x0000000d94100000)]
  0x000001a357ca1800 JavaThread "Unconstrained build operations Thread 9" [_thread_blocked, id=18976, stack(0x0000000d94100000,0x0000000d94200000)]
  0x000001a357ca1000 JavaThread "Unconstrained build operations Thread 10" [_thread_blocked, id=8684, stack(0x0000000d94200000,0x0000000d94300000)]
  0x000001a357ca2800 JavaThread "Unconstrained build operations Thread 11" [_thread_blocked, id=1520, stack(0x0000000d94300000,0x0000000d94400000)]
  0x000001a357ca3800 JavaThread "Unconstrained build operations Thread 12" [_thread_blocked, id=3156, stack(0x0000000d94400000,0x0000000d94500000)]
  0x000001a357ca4000 JavaThread "Unconstrained build operations Thread 13" [_thread_blocked, id=19532, stack(0x0000000d94500000,0x0000000d94600000)]
  0x000001a357ca5000 JavaThread "Unconstrained build operations Thread 14" [_thread_blocked, id=17932, stack(0x0000000d94600000,0x0000000d94700000)]
  0x000001a357c9f800 JavaThread "Unconstrained build operations Thread 15" [_thread_blocked, id=17964, stack(0x0000000d94700000,0x0000000d94800000)]
  0x000001a357ca6000 JavaThread "Unconstrained build operations Thread 16" [_thread_blocked, id=21492, stack(0x0000000d94800000,0x0000000d94900000)]
  0x000001a357ca0000 JavaThread "Unconstrained build operations Thread 17" [_thread_blocked, id=4528, stack(0x0000000d94900000,0x0000000d94a00000)]
  0x000001a357cab800 JavaThread "Unconstrained build operations Thread 18" [_thread_blocked, id=10948, stack(0x0000000d94a00000,0x0000000d94b00000)]
  0x000001a357ca6800 JavaThread "Unconstrained build operations Thread 19" [_thread_blocked, id=8332, stack(0x0000000d94b00000,0x0000000d94c00000)]
  0x000001a357ca8800 JavaThread "Unconstrained build operations Thread 20" [_thread_blocked, id=13352, stack(0x0000000d94c00000,0x0000000d94d00000)]
  0x000001a357caa000 JavaThread "Unconstrained build operations Thread 21" [_thread_blocked, id=12052, stack(0x0000000d94d00000,0x0000000d94e00000)]
  0x000001a357cac800 JavaThread "Unconstrained build operations Thread 22" [_thread_blocked, id=18984, stack(0x0000000d94e00000,0x0000000d94f00000)]
  0x000001a357cad000 JavaThread "Unconstrained build operations Thread 23" [_thread_blocked, id=13692, stack(0x0000000d94f00000,0x0000000d95000000)]
  0x000001a357caa800 JavaThread "Unconstrained build operations Thread 24" [_thread_blocked, id=10316, stack(0x0000000d95000000,0x0000000d95100000)]
  0x000001a357ca7800 JavaThread "Unconstrained build operations Thread 25" [_thread_blocked, id=1724, stack(0x0000000d95100000,0x0000000d95200000)]
  0x000001a357cae000 JavaThread "Unconstrained build operations Thread 26" [_thread_blocked, id=21152, stack(0x0000000d95200000,0x0000000d95300000)]
  0x000001a357ca9000 JavaThread "Unconstrained build operations Thread 27" [_thread_blocked, id=9876, stack(0x0000000d95300000,0x0000000d95400000)]
  0x000001a358043800 JavaThread "Unconstrained build operations Thread 28" [_thread_blocked, id=19392, stack(0x0000000d95400000,0x0000000d95500000)]
  0x000001a358043000 JavaThread "Unconstrained build operations Thread 29" [_thread_blocked, id=5680, stack(0x0000000d95500000,0x0000000d95600000)]
  0x000001a358042000 JavaThread "Unconstrained build operations Thread 30" [_thread_blocked, id=16404, stack(0x0000000d95600000,0x0000000d95700000)]
  0x000001a35804a000 JavaThread "Unconstrained build operations Thread 31" [_thread_blocked, id=6956, stack(0x0000000d95700000,0x0000000d95800000)]
  0x000001a358048800 JavaThread "Unconstrained build operations Thread 32" [_thread_blocked, id=10404, stack(0x0000000d95800000,0x0000000d95900000)]
  0x000001a358048000 JavaThread "Unconstrained build operations Thread 33" [_thread_blocked, id=18632, stack(0x0000000d95900000,0x0000000d95a00000)]
  0x000001a358044800 JavaThread "Unconstrained build operations Thread 34" [_thread_blocked, id=16120, stack(0x0000000d95a00000,0x0000000d95b00000)]
  0x000001a358049800 JavaThread "Unconstrained build operations Thread 35" [_thread_blocked, id=16856, stack(0x0000000d95b00000,0x0000000d95c00000)]
  0x000001a35804b000 JavaThread "Unconstrained build operations Thread 36" [_thread_blocked, id=2792, stack(0x0000000d95c00000,0x0000000d95d00000)]
  0x000001a358045800 JavaThread "Unconstrained build operations Thread 37" [_thread_blocked, id=11228, stack(0x0000000d95d00000,0x0000000d95e00000)]
  0x000001a35804c000 JavaThread "Unconstrained build operations Thread 38" [_thread_blocked, id=12200, stack(0x0000000d95e00000,0x0000000d95f00000)]
  0x000001a358046000 JavaThread "Unconstrained build operations Thread 39" [_thread_blocked, id=5208, stack(0x0000000d95f00000,0x0000000d96000000)]
  0x000001a35804c800 JavaThread "Unconstrained build operations Thread 40" [_thread_blocked, id=6024, stack(0x0000000d96000000,0x0000000d96100000)]
  0x000001a358047000 JavaThread "Unconstrained build operations Thread 41" [_thread_blocked, id=8268, stack(0x0000000d96100000,0x0000000d96200000)]
  0x000001a35804d800 JavaThread "Unconstrained build operations Thread 42" [_thread_blocked, id=12700, stack(0x0000000d96200000,0x0000000d96300000)]
  0x000001a358051000 JavaThread "Unconstrained build operations Thread 43" [_thread_blocked, id=3560, stack(0x0000000d96300000,0x0000000d96400000)]
  0x000001a35804e800 JavaThread "Unconstrained build operations Thread 44" [_thread_in_native, id=7652, stack(0x0000000d96400000,0x0000000d96500000)]
  0x000001a35804f000 JavaThread "Unconstrained build operations Thread 45" [_thread_blocked, id=11152, stack(0x0000000d96500000,0x0000000d96600000)]
  0x000001a358050000 JavaThread "Unconstrained build operations Thread 46" [_thread_blocked, id=1788, stack(0x0000000d96600000,0x0000000d96700000)]
  0x000001a357d0b800 JavaThread "Unconstrained build operations Thread 47" [_thread_blocked, id=12268, stack(0x0000000d96700000,0x0000000d96800000)]
  0x000001a357d09800 JavaThread "Unconstrained build operations Thread 48" [_thread_blocked, id=5912, stack(0x0000000d96800000,0x0000000d96900000)]
  0x000001a357d0a800 JavaThread "Unconstrained build operations Thread 49" [_thread_blocked, id=19224, stack(0x0000000d96900000,0x0000000d96a00000)]
  0x000001a357d0d000 JavaThread "Unconstrained build operations Thread 50" [_thread_blocked, id=2624, stack(0x0000000d96a00000,0x0000000d96b00000)]
  0x000001a357d0c000 JavaThread "Unconstrained build operations Thread 51" [_thread_blocked, id=13972, stack(0x0000000d96b00000,0x0000000d96c00000)]
  0x000001a357d07000 JavaThread "Unconstrained build operations Thread 52" [_thread_blocked, id=18584, stack(0x0000000d96c00000,0x0000000d96d00000)]
  0x000001a357d0d800 JavaThread "Unconstrained build operations Thread 53" [_thread_blocked, id=11980, stack(0x0000000d96d00000,0x0000000d96e00000)]
  0x000001a357d08000 JavaThread "Unconstrained build operations Thread 54" [_thread_blocked, id=9352, stack(0x0000000d96e00000,0x0000000d96f00000)]
  0x000001a357d0e800 JavaThread "Unconstrained build operations Thread 55" [_thread_blocked, id=20192, stack(0x0000000d96f00000,0x0000000d97000000)]
  0x000001a357d09000 JavaThread "Unconstrained build operations Thread 56" [_thread_blocked, id=18452, stack(0x0000000d97000000,0x0000000d97100000)]
  0x000001a357d14000 JavaThread "Unconstrained build operations Thread 57" [_thread_blocked, id=10932, stack(0x0000000d97100000,0x0000000d97200000)]
  0x000001a357d0f800 JavaThread "Unconstrained build operations Thread 58" [_thread_blocked, id=19980, stack(0x0000000d97200000,0x0000000d97300000)]
  0x000001a357d13800 JavaThread "Unconstrained build operations Thread 59" [_thread_blocked, id=13472, stack(0x0000000d97300000,0x0000000d97400000)]
  0x000001a357d15000 JavaThread "Unconstrained build operations Thread 60" [_thread_blocked, id=19268, stack(0x0000000d97400000,0x0000000d97500000)]
  0x000001a357d16000 JavaThread "Unconstrained build operations Thread 61" [_thread_blocked, id=1280, stack(0x0000000d97500000,0x0000000d97600000)]
  0x000001a357d12800 JavaThread "Unconstrained build operations Thread 62" [_thread_blocked, id=4952, stack(0x0000000d97600000,0x0000000d97700000)]
  0x000001a357d10000 JavaThread "Unconstrained build operations Thread 63" [_thread_blocked, id=6488, stack(0x0000000d97700000,0x0000000d97800000)]
  0x000001a357d11000 JavaThread "Unconstrained build operations Thread 64" [_thread_blocked, id=11292, stack(0x0000000d97800000,0x0000000d97900000)]
  0x000001a357d12000 JavaThread "Unconstrained build operations Thread 65" [_thread_blocked, id=15356, stack(0x0000000d97900000,0x0000000d97a00000)]
  0x000001a3548e5800 JavaThread "Unconstrained build operations Thread 66" [_thread_blocked, id=5996, stack(0x0000000d97a00000,0x0000000d97b00000)]
  0x000001a3548e6800 JavaThread "Unconstrained build operations Thread 67" [_thread_blocked, id=13792, stack(0x0000000d97b00000,0x0000000d97c00000)]
  0x000001a3548e7000 JavaThread "Unconstrained build operations Thread 68" [_thread_blocked, id=12368, stack(0x0000000d97c00000,0x0000000d97d00000)]
  0x000001a3548e4800 JavaThread "Unconstrained build operations Thread 69" [_thread_blocked, id=3616, stack(0x0000000d97d00000,0x0000000d97e00000)]
  0x000001a3548e8000 JavaThread "Unconstrained build operations Thread 70" [_thread_blocked, id=12860, stack(0x0000000d97e00000,0x0000000d97f00000)]
  0x000001a3548e9000 JavaThread "Unconstrained build operations Thread 71" [_thread_blocked, id=9836, stack(0x0000000d97f00000,0x0000000d98000000)]
  0x000001a3548e3000 JavaThread "Unconstrained build operations Thread 72" [_thread_blocked, id=1936, stack(0x0000000d98000000,0x0000000d98100000)]
  0x000001a3548e4000 JavaThread "Unconstrained build operations Thread 73" [_thread_blocked, id=4632, stack(0x0000000d98100000,0x0000000d98200000)]
  0x000001a3548ee800 JavaThread "Unconstrained build operations Thread 74" [_thread_blocked, id=3924, stack(0x0000000d98200000,0x0000000d98300000)]
  0x000001a3548ed000 JavaThread "Unconstrained build operations Thread 75" [_thread_blocked, id=11304, stack(0x0000000d98300000,0x0000000d98400000)]
  0x000001a3548ef800 JavaThread "Unconstrained build operations Thread 76" [_thread_blocked, id=14316, stack(0x0000000d98400000,0x0000000d98500000)]
  0x000001a3548e9800 JavaThread "Unconstrained build operations Thread 77" [_thread_blocked, id=10776, stack(0x0000000d98500000,0x0000000d98600000)]
  0x000001a3548eb800 JavaThread "Unconstrained build operations Thread 78" [_thread_blocked, id=12568, stack(0x0000000d98600000,0x0000000d98700000)]
  0x000001a3548ed800 JavaThread "Unconstrained build operations Thread 79" [_thread_blocked, id=9228, stack(0x0000000d98700000,0x0000000d98800000)]
  0x000001a3548f0000 JavaThread "Unconstrained build operations Thread 80" [_thread_blocked, id=10024, stack(0x0000000d98800000,0x0000000d98900000)]
  0x000001a3548ea800 JavaThread "Unconstrained build operations Thread 81" [_thread_blocked, id=8136, stack(0x0000000d98900000,0x0000000d98a00000)]
  0x000001a3548f1000 JavaThread "Unconstrained build operations Thread 82" [_thread_blocked, id=16932, stack(0x0000000d98a00000,0x0000000d98b00000)]
  0x000001a3548ec000 JavaThread "Unconstrained build operations Thread 83" [_thread_blocked, id=8772, stack(0x0000000d98b00000,0x0000000d98c00000)]
  0x000001a3548f2000 JavaThread "Unconstrained build operations Thread 84" [_thread_blocked, id=2404, stack(0x0000000d98c00000,0x0000000d98d00000)]
  0x000001a357ef4800 JavaThread "Unconstrained build operations Thread 85" [_thread_blocked, id=2492, stack(0x0000000d98d00000,0x0000000d98e00000)]
  0x000001a357ef5800 JavaThread "Unconstrained build operations Thread 86" [_thread_blocked, id=7924, stack(0x0000000d98e00000,0x0000000d98f00000)]
  0x000001a357ef2000 JavaThread "Unconstrained build operations Thread 87" [_thread_blocked, id=17368, stack(0x0000000d98f00000,0x0000000d99000000)]
  0x000001a357ef8000 JavaThread "Unconstrained build operations Thread 88" [_thread_blocked, id=8924, stack(0x0000000d99000000,0x0000000d99100000)]
  0x000001a357ef7000 JavaThread "Unconstrained build operations Thread 89" [_thread_in_native, id=11824, stack(0x0000000d99100000,0x0000000d99200000)]
  0x000001a357ef3000 JavaThread "Unconstrained build operations Thread 90" [_thread_blocked, id=14800, stack(0x0000000d99200000,0x0000000d99300000)]
  0x000001a357ef4000 JavaThread "Unconstrained build operations Thread 91" [_thread_blocked, id=10320, stack(0x0000000d99300000,0x0000000d99400000)]
  0x000001a357ef6800 JavaThread "Unconstrained build operations Thread 92" [_thread_blocked, id=18408, stack(0x0000000d99400000,0x0000000d99500000)]
  0x000001a357efd800 JavaThread "Unconstrained build operations Thread 93" [_thread_blocked, id=3884, stack(0x0000000d99500000,0x0000000d99600000)]
  0x000001a357efd000 JavaThread "Unconstrained build operations Thread 94" [_thread_blocked, id=17016, stack(0x0000000d99600000,0x0000000d99700000)]
  0x000001a357efc000 JavaThread "Unconstrained build operations Thread 95" [_thread_blocked, id=18836, stack(0x0000000d99700000,0x0000000d99800000)]
  0x000001a357efe800 JavaThread "Unconstrained build operations Thread 96" [_thread_blocked, id=15048, stack(0x0000000d99800000,0x0000000d99900000)]
  0x000001a357ef8800 JavaThread "Unconstrained build operations Thread 97" [_thread_blocked, id=19156, stack(0x0000000d99900000,0x0000000d99a00000)]
  0x000001a357eff800 JavaThread "Unconstrained build operations Thread 98" [_thread_blocked, id=1324, stack(0x0000000d99a00000,0x0000000d99b00000)]
  0x000001a357ef9800 JavaThread "Unconstrained build operations Thread 99" [_thread_blocked, id=4412, stack(0x0000000d99b00000,0x0000000d99c00000)]
  0x000001a357f00000 JavaThread "Unconstrained build operations Thread 100" [_thread_blocked, id=1124, stack(0x0000000d99c00000,0x0000000d99d00000)]
  0x000001a357efa800 JavaThread "Unconstrained build operations Thread 101" [_thread_blocked, id=1980, stack(0x0000000d99d00000,0x0000000d99e00000)]
  0x000001a357f01000 JavaThread "Unconstrained build operations Thread 102" [_thread_blocked, id=4564, stack(0x0000000d99e00000,0x0000000d99f00000)]
  0x000001a357efb000 JavaThread "Unconstrained build operations Thread 103" [_thread_blocked, id=5272, stack(0x0000000d99f00000,0x0000000d9a000000)]
  0x000001a357f3b000 JavaThread "Unconstrained build operations Thread 104" [_thread_blocked, id=5540, stack(0x0000000d9a000000,0x0000000d9a100000)]
  0x000001a357f3a000 JavaThread "Unconstrained build operations Thread 105" [_thread_blocked, id=4936, stack(0x0000000d9a100000,0x0000000d9a200000)]
  0x000001a357f40000 JavaThread "Unconstrained build operations Thread 106" [_thread_blocked, id=4916, stack(0x0000000d9a200000,0x0000000d9a300000)]
  0x000001a357f41800 JavaThread "Unconstrained build operations Thread 107" [_thread_blocked, id=16400, stack(0x0000000d9a300000,0x0000000d9a400000)]
  0x000001a357f3c800 JavaThread "Unconstrained build operations Thread 108" [_thread_blocked, id=9516, stack(0x0000000d9a400000,0x0000000d9a500000)]
  0x000001a357f3d800 JavaThread "Unconstrained build operations Thread 109" [_thread_blocked, id=20896, stack(0x0000000d9a500000,0x0000000d9a600000)]
  0x000001a357f40800 JavaThread "Unconstrained build operations Thread 110" [_thread_blocked, id=7328, stack(0x0000000d9a600000,0x0000000d9a700000)]
  0x000001a357f3e800 JavaThread "Unconstrained build operations Thread 111" [_thread_blocked, id=10724, stack(0x0000000d9a700000,0x0000000d9a800000)]
  0x000001a357f3f000 JavaThread "Unconstrained build operations Thread 112" [_thread_blocked, id=20956, stack(0x0000000d9a800000,0x0000000d9a900000)]
  0x000001a357f3c000 JavaThread "Unconstrained build operations Thread 113" [_thread_blocked, id=8756, stack(0x0000000d9a900000,0x0000000d9aa00000)]
  0x000001a357f46800 JavaThread "Unconstrained build operations Thread 114" [_thread_blocked, id=9420, stack(0x0000000d9aa00000,0x0000000d9ab00000)]
  0x000001a357f44000 JavaThread "Unconstrained build operations Thread 115" [_thread_blocked, id=10940, stack(0x0000000d9ab00000,0x0000000d9ac00000)]
  0x000001a357f43000 JavaThread "Unconstrained build operations Thread 116" [_thread_blocked, id=12712, stack(0x0000000d9ac00000,0x0000000d9ad00000)]
  0x000001a357f47000 JavaThread "Unconstrained build operations Thread 117" [_thread_blocked, id=9112, stack(0x0000000d9ad00000,0x0000000d9ae00000)]
  0x000001a357f48000 JavaThread "Unconstrained build operations Thread 118" [_thread_blocked, id=5612, stack(0x0000000d9ae00000,0x0000000d9af00000)]
  0x000001a357f45800 JavaThread "Unconstrained build operations Thread 119" [_thread_blocked, id=14440, stack(0x0000000d9af00000,0x0000000d9b000000)]
  0x000001a357f45000 JavaThread "Unconstrained build operations Thread 120" [_thread_blocked, id=10584, stack(0x0000000d9b000000,0x0000000d9b100000)]
  0x000001a357f42800 JavaThread "jar transforms Thread 4" [_thread_blocked, id=10464, stack(0x0000000d9b100000,0x0000000d9b200000)]
  0x000001a357f49000 JavaThread "jar transforms Thread 5" [_thread_blocked, id=19588, stack(0x0000000d9b200000,0x0000000d9b300000)]
  0x000001a3560be000 JavaThread "jar transforms Thread 6" [_thread_blocked, id=12544, stack(0x0000000d9b300000,0x0000000d9b400000)]
  0x000001a3560bc800 JavaThread "jar transforms Thread 7" [_thread_blocked, id=9100, stack(0x0000000d9b400000,0x0000000d9b500000)]
  0x000001a3560ba000 JavaThread "jar transforms Thread 8" [_thread_blocked, id=12720, stack(0x0000000d9b500000,0x0000000d9b600000)]
  0x000001a3560bb000 JavaThread "jar transforms Thread 9" [_thread_blocked, id=2984, stack(0x0000000d9b600000,0x0000000d9b700000)]
  0x000001a3560bd000 JavaThread "jar transforms Thread 10" [_thread_blocked, id=2076, stack(0x0000000d9b700000,0x0000000d9b800000)]
  0x000001a3560b8800 JavaThread "jar transforms Thread 11" [_thread_blocked, id=11920, stack(0x0000000d9b800000,0x0000000d9b900000)]
  0x000001a3560bb800 JavaThread "jar transforms Thread 12" [_thread_blocked, id=3444, stack(0x0000000d9b900000,0x0000000d9ba00000)]
  0x000001a3560b9000 JavaThread "Memory manager" [_thread_blocked, id=4868, stack(0x0000000d9bb00000,0x0000000d9bc00000)]
  0x000001a3560c5800 JavaThread "build event listener" [_thread_blocked, id=8524, stack(0x0000000d9bc00000,0x0000000d9bd00000)]
  0x000001a3560c2000 JavaThread "pool-3-thread-1" [_thread_blocked, id=13428, stack(0x0000000d9bd00000,0x0000000d9be00000)]
  0x000001a3560c3000 JavaThread "build event listener" [_thread_blocked, id=3584, stack(0x0000000d9be00000,0x0000000d9bf00000)]
  0x000001a3560c4800 JavaThread "included builds" [_thread_blocked, id=17728, stack(0x0000000d9bf00000,0x0000000d9c000000)]
  0x000001a3560c3800 JavaThread "Execution worker for ':'" [_thread_blocked, id=5036, stack(0x0000000d9c000000,0x0000000d9c100000)]
  0x000001a3560c1800 JavaThread "Execution worker for ':' Thread 2" [_thread_blocked, id=3568, stack(0x0000000d9c100000,0x0000000d9c200000)]
  0x000001a3560bf800 JavaThread "Execution worker for ':' Thread 3" [_thread_blocked, id=5656, stack(0x0000000d9c200000,0x0000000d9c300000)]
  0x000001a3560c6000 JavaThread "Execution worker for ':' Thread 4" [_thread_blocked, id=5448, stack(0x0000000d9c300000,0x0000000d9c400000)]
  0x000001a3560c0800 JavaThread "Execution worker for ':' Thread 5" [_thread_blocked, id=10300, stack(0x0000000d9c400000,0x0000000d9c500000)]
  0x000001a3560c7000 JavaThread "Execution worker for ':' Thread 6" [_thread_blocked, id=18704, stack(0x0000000d9c500000,0x0000000d9c600000)]
  0x000001a3576a5000 JavaThread "Execution worker for ':' Thread 7" [_thread_blocked, id=14504, stack(0x0000000d9c600000,0x0000000d9c700000)]
  0x000001a3576a3000 JavaThread "Execution worker for ':' Thread 8" [_thread_blocked, id=5908, stack(0x0000000d9c700000,0x0000000d9c800000)]
  0x000001a3576a9000 JavaThread "Execution worker for ':' Thread 9" [_thread_blocked, id=15156, stack(0x0000000d9c800000,0x0000000d9c900000)]
  0x000001a3576a9800 JavaThread "Execution worker for ':' Thread 10" [_thread_blocked, id=12716, stack(0x0000000d9c900000,0x0000000d9ca00000)]
  0x000001a3576a5800 JavaThread "Execution worker for ':' Thread 11" [_thread_blocked, id=772, stack(0x0000000d9ca00000,0x0000000d9cb00000)]
  0x000001a3576a6800 JavaThread "Cache worker for execution history cache (D:\Work\Speech Emotion Recoginition\Speech Emotion Recoginition\.gradle\7.4\executionHistory)" [_thread_blocked, id=2852, stack(0x0000000d9cb00000,0x0000000d9cc00000)]
  0x000001a3576a7000 JavaThread "WorkerExecutor Queue" [_thread_blocked, id=9404, stack(0x0000000d9ba00000,0x0000000d9bb00000)]
  0x000001a35d97f800 JavaThread "C2 CompilerThread1" daemon [_thread_in_native, id=7588, stack(0x0000000d93300000,0x0000000d93400000)]
  0x000001a357972800 JavaThread "C2 CompilerThread2" daemon [_thread_blocked, id=20964, stack(0x0000000d9cc00000,0x0000000d9cd00000)]
  0x000001a3576a4000 JavaThread "WorkerExecutor Queue Thread 2" [_thread_blocked, id=19792, stack(0x0000000d9cf00000,0x0000000d9d000000)]
  0x000001a3576b0000 JavaThread "WorkerExecutor Queue Thread 3" [_thread_blocked, id=16424, stack(0x0000000d9d000000,0x0000000d9d100000)]
  0x000001a3576ae800 JavaThread "WorkerExecutor Queue Thread 4" [_thread_blocked, id=11840, stack(0x0000000d9d100000,0x0000000d9d200000)]
  0x000001a3576aa800 JavaThread "WorkerExecutor Queue Thread 5" [_thread_blocked, id=9412, stack(0x0000000d9d200000,0x0000000d9d300000)]
  0x000001a3576ab800 JavaThread "WorkerExecutor Queue Thread 6" [_thread_blocked, id=11400, stack(0x0000000d9d300000,0x0000000d9d400000)]
  0x000001a3576ad000 JavaThread "WorkerExecutor Queue Thread 7" [_thread_blocked, id=3956, stack(0x0000000d9d400000,0x0000000d9d500000)]
  0x000001a3576af800 JavaThread "WorkerExecutor Queue Thread 8" [_thread_blocked, id=19520, stack(0x0000000d9d500000,0x0000000d9d600000)]
  0x000001a3576b1000 JavaThread "WorkerExecutor Queue Thread 9" [_thread_blocked, id=11620, stack(0x0000000d9d600000,0x0000000d9d700000)]
  0x000001a3576b2000 JavaThread "WorkerExecutor Queue Thread 10" [_thread_blocked, id=12932, stack(0x0000000d9d700000,0x0000000d9d800000)]
  0x000001a3576ac000 JavaThread "WorkerExecutor Queue Thread 11" [_thread_blocked, id=11624, stack(0x0000000d9d800000,0x0000000d9d900000)]
  0x000001a3576b2800 JavaThread "WorkerExecutor Queue Thread 12" [_thread_blocked, id=10952, stack(0x0000000d9d900000,0x0000000d9da00000)]
  0x000001a3576b3800 JavaThread "WorkerExecutor Queue Thread 13" [_thread_blocked, id=17180, stack(0x0000000d9da00000,0x0000000d9db00000)]

Other Threads:
=>0x000001a351783800 VMThread "VM Thread" [stack: 0x0000000d90800000,0x0000000d90900000] [id=20268]
  0x000001a35229f800 WatcherThread [stack: 0x0000000d91200000,0x0000000d91300000] [id=4696]
  0x000001a334f27800 GCTaskThread "GC Thread#0" [stack: 0x0000000d90300000,0x0000000d90400000] [id=3776]
  0x000001a353880800 GCTaskThread "GC Thread#1" [stack: 0x0000000d91400000,0x0000000d91500000] [id=12384]
  0x000001a353bcf000 GCTaskThread "GC Thread#2" [stack: 0x0000000d91d00000,0x0000000d91e00000] [id=7612]
  0x000001a353bab800 GCTaskThread "GC Thread#3" [stack: 0x0000000d91e00000,0x0000000d91f00000] [id=5424]
  0x000001a353bac000 GCTaskThread "GC Thread#4" [stack: 0x0000000d91f00000,0x0000000d92000000] [id=4204]
  0x000001a353378800 GCTaskThread "GC Thread#5" [stack: 0x0000000d92000000,0x0000000d92100000] [id=21364]
  0x000001a353379000 GCTaskThread "GC Thread#6" [stack: 0x0000000d92100000,0x0000000d92200000] [id=5020]
  0x000001a353379800 GCTaskThread "GC Thread#7" [stack: 0x0000000d92200000,0x0000000d92300000] [id=12120]
  0x000001a35337e800 GCTaskThread "GC Thread#8" [stack: 0x0000000d92300000,0x0000000d92400000] [id=7632]
  0x000001a35337f000 GCTaskThread "GC Thread#9" [stack: 0x0000000d92400000,0x0000000d92500000] [id=1408]
  0x000001a334f58000 ConcurrentGCThread "G1 Main Marker" [stack: 0x0000000d90400000,0x0000000d90500000] [id=14852]
  0x000001a334f59000 ConcurrentGCThread "G1 Conc#0" [stack: 0x0000000d90500000,0x0000000d90600000] [id=10008]
  0x000001a3531ea800 ConcurrentGCThread "G1 Conc#1" [stack: 0x0000000d92900000,0x0000000d92a00000] [id=13088]
  0x000001a35241c800 ConcurrentGCThread "G1 Conc#2" [stack: 0x0000000d92a00000,0x0000000d92b00000] [id=12756]
  0x000001a334fee000 ConcurrentGCThread "G1 Refine#0" [stack: 0x0000000d90600000,0x0000000d90700000] [id=5096]
  0x000001a3515d4800 ConcurrentGCThread "G1 Young RemSet Sampling" [stack: 0x0000000d90700000,0x0000000d90800000] [id=20080]

Threads with active compile tasks:
C2 CompilerThread0  44082 15011 %     4       org.gradle.internal.instantiation.generator.AbstractClassGenerator::inspectType @ 77 (560 bytes)
C2 CompilerThread1  44082 15035   !   4       java.nio.file.FileTreeWalker::next (144 bytes)
C2 CompilerThread2  44082 15250       4       com.android.tools.r8.graph.P0::h (62 bytes)

VM state:at safepoint (normal execution)

VM Mutex/Monitor currently owned by a thread:  ([mutex/lock_event])
[0x000001a334f0a6d0] Threads_lock - owner thread: 0x000001a351783800
[0x000001a334f0a2e0] Heap_lock - owner thread: 0x000001a357cac800

Heap address: 0x0000000080000000, size: 2048 MB, Compressed Oops mode: 32-bit
Narrow klass base: 0x0000000000000000, Narrow klass shift: 3
Compressed class space size: 1073741824 Address: 0x0000000100000000

Heap:
 garbage-first heap   total 231424K, used 128749K [0x0000000080000000, 0x0000000100000000)
  region size 1024K, 6 young (6144K), 6 survivors (6144K)
 Metaspace       used 105822K, capacity 108804K, committed 109116K, reserved 1144832K
  class space    used 13532K, capacity 14673K, committed 14796K, reserved 1048576K
Heap Regions: E=young(eden), S=young(survivor), O=old, HS=humongous(starts), HC=humongous(continues), CS=collection set, F=free, A=archive, TAMS=top-at-mark-start (previous, next)
|   0|0x0000000080000000, 0x0000000080100000, 0x0000000080100000|100%| O|  |TAMS 0x0000000080100000, 0x0000000080000000| Untracked 
|   1|0x0000000080100000, 0x0000000080200000, 0x0000000080200000|100%| O|  |TAMS 0x0000000080200000, 0x0000000080100000| Untracked 
|   2|0x0000000080200000, 0x0000000080300000, 0x0000000080300000|100%| O|  |TAMS 0x0000000080300000, 0x0000000080200000| Untracked 
|   3|0x0000000080300000, 0x0000000080400000, 0x0000000080400000|100%|HS|  |TAMS 0x0000000080400000, 0x0000000080300000| Complete 
|   4|0x0000000080400000, 0x0000000080500000, 0x0000000080500000|100%|HC|  |TAMS 0x0000000080500000, 0x0000000080400000| Complete 
|   5|0x0000000080500000, 0x0000000080600000, 0x0000000080600000|100%|HC|  |TAMS 0x0000000080600000, 0x0000000080500000| Complete 
|   6|0x0000000080600000, 0x0000000080700000, 0x0000000080700000|100%| O|  |TAMS 0x0000000080700000, 0x0000000080600000| Complete 
|   7|0x0000000080700000, 0x0000000080800000, 0x0000000080800000|100%| O|  |TAMS 0x0000000080800000, 0x0000000080700000| Untracked 
|   8|0x0000000080800000, 0x0000000080900000, 0x0000000080900000|100%| O|  |TAMS 0x0000000080900000, 0x0000000080800000| Untracked 
|   9|0x0000000080900000, 0x0000000080a00000, 0x0000000080a00000|100%| O|  |TAMS 0x0000000080a00000, 0x0000000080900000| Untracked 
|  10|0x0000000080a00000, 0x0000000080b00000, 0x0000000080b00000|100%| O|  |TAMS 0x0000000080b00000, 0x0000000080a00000| Untracked 
|  11|0x0000000080b00000, 0x0000000080c00000, 0x0000000080c00000|100%| O|  |TAMS 0x0000000080c00000, 0x0000000080b00000| Untracked 
|  12|0x0000000080c00000, 0x0000000080d00000, 0x0000000080d00000|100%| O|  |TAMS 0x0000000080d00000, 0x0000000080c00000| Complete 
|  13|0x0000000080d00000, 0x0000000080e00000, 0x0000000080e00000|100%| O|  |TAMS 0x0000000080e00000, 0x0000000080d00000| Untracked 
|  14|0x0000000080e00000, 0x0000000080f00000, 0x0000000080f00000|100%| O|  |TAMS 0x0000000080f00000, 0x0000000080e00000| Untracked 
|  15|0x0000000080f00000, 0x0000000081000000, 0x0000000081000000|100%| O|  |TAMS 0x0000000081000000, 0x0000000080f00000| Untracked 
|  16|0x0000000081000000, 0x0000000081100000, 0x0000000081100000|100%|HS|  |TAMS 0x0000000081100000, 0x0000000081000000| Complete 
|  17|0x0000000081100000, 0x0000000081200000, 0x0000000081200000|100%| O|  |TAMS 0x0000000081200000, 0x0000000081100000| Untracked 
|  18|0x0000000081200000, 0x0000000081300000, 0x0000000081300000|100%| O|  |TAMS 0x0000000081300000, 0x0000000081200000| Untracked 
|  19|0x0000000081300000, 0x0000000081400000, 0x0000000081400000|100%| O|  |TAMS 0x0000000081400000, 0x0000000081300000| Untracked 
|  20|0x0000000081400000, 0x0000000081500000, 0x0000000081500000|100%| O|  |TAMS 0x0000000081500000, 0x0000000081400000| Complete 
|  21|0x0000000081500000, 0x0000000081600000, 0x0000000081600000|100%| O|  |TAMS 0x0000000081600000, 0x0000000081500000| Untracked 
|  22|0x0000000081600000, 0x0000000081700000, 0x0000000081700000|100%| O|  |TAMS 0x0000000081700000, 0x0000000081600000| Untracked 
|  23|0x0000000081700000, 0x0000000081800000, 0x0000000081800000|100%| O|  |TAMS 0x0000000081800000, 0x0000000081700000| Untracked 
|  24|0x0000000081800000, 0x0000000081900000, 0x0000000081900000|100%| O|  |TAMS 0x0000000081900000, 0x0000000081800000| Untracked 
|  25|0x0000000081900000, 0x0000000081a00000, 0x0000000081a00000|100%| O|  |TAMS 0x0000000081a00000, 0x0000000081900000| Untracked 
|  26|0x0000000081a00000, 0x0000000081b00000, 0x0000000081b00000|100%| O|  |TAMS 0x0000000081b00000, 0x0000000081a00000| Complete 
|  27|0x0000000081b00000, 0x0000000081c00000, 0x0000000081c00000|100%|HS|  |TAMS 0x0000000081c00000, 0x0000000081b00000| Complete 
|  28|0x0000000081c00000, 0x0000000081d00000, 0x0000000081d00000|100%| O|  |TAMS 0x0000000081d00000, 0x0000000081c00000| Untracked 
|  29|0x0000000081d00000, 0x0000000081e00000, 0x0000000081e00000|100%|HS|  |TAMS 0x0000000081e00000, 0x0000000081d00000| Complete 
|  30|0x0000000081e00000, 0x0000000081f00000, 0x0000000081f00000|100%|HC|  |TAMS 0x0000000081f00000, 0x0000000081e00000| Complete 
|  31|0x0000000081f00000, 0x0000000082000000, 0x0000000082000000|100%| O|  |TAMS 0x0000000082000000, 0x0000000081f00000| Untracked 
|  32|0x0000000082000000, 0x0000000082100000, 0x0000000082100000|100%| O|  |TAMS 0x0000000082100000, 0x0000000082000000| Untracked 
|  33|0x0000000082100000, 0x0000000082200000, 0x0000000082200000|100%| O|  |TAMS 0x0000000082200000, 0x0000000082100000| Untracked 
|  34|0x0000000082200000, 0x0000000082300000, 0x0000000082300000|100%| O|  |TAMS 0x0000000082300000, 0x0000000082200000| Complete 
|  35|0x0000000082300000, 0x0000000082400000, 0x0000000082400000|100%| O|  |TAMS 0x0000000082400000, 0x0000000082300000| Untracked 
|  36|0x0000000082400000, 0x0000000082500000, 0x0000000082500000|100%| O|  |TAMS 0x0000000082500000, 0x0000000082400000| Untracked 
|  37|0x0000000082500000, 0x0000000082600000, 0x0000000082600000|100%| O|  |TAMS 0x0000000082600000, 0x0000000082500000| Untracked 
|  38|0x0000000082600000, 0x0000000082700000, 0x0000000082700000|100%| O|  |TAMS 0x0000000082700000, 0x0000000082600000| Untracked 
|  39|0x0000000082700000, 0x0000000082800000, 0x0000000082800000|100%| O|  |TAMS 0x0000000082800000, 0x0000000082700000| Untracked 
|  40|0x0000000082800000, 0x0000000082900000, 0x0000000082900000|100%| O|  |TAMS 0x0000000082900000, 0x0000000082800000| Untracked 
|  41|0x0000000082900000, 0x0000000082a00000, 0x0000000082a00000|100%| O|  |TAMS 0x0000000082a00000, 0x0000000082900000| Untracked 
|  42|0x0000000082a00000, 0x0000000082b00000, 0x0000000082b00000|100%| O|  |TAMS 0x0000000082b00000, 0x0000000082a00000| Untracked 
|  43|0x0000000082b00000, 0x0000000082c00000, 0x0000000082c00000|100%| O|  |TAMS 0x0000000082c00000, 0x0000000082b00000| Untracked 
|  44|0x0000000082c00000, 0x0000000082d00000, 0x0000000082d00000|100%| O|  |TAMS 0x0000000082d00000, 0x0000000082c00000| Untracked 
|  45|0x0000000082d00000, 0x0000000082e00000, 0x0000000082e00000|100%| O|  |TAMS 0x0000000082e00000, 0x0000000082d00000| Untracked 
|  46|0x0000000082e00000, 0x0000000082f00000, 0x0000000082f00000|100%| O|  |TAMS 0x0000000082f00000, 0x0000000082e00000| Untracked 
|  47|0x0000000082f00000, 0x0000000083000000, 0x0000000083000000|100%| O|  |TAMS 0x0000000083000000, 0x0000000082f00000| Untracked 
|  48|0x0000000083000000, 0x0000000083100000, 0x0000000083100000|100%| O|  |TAMS 0x0000000083100000, 0x0000000083000000| Untracked 
|  49|0x0000000083100000, 0x0000000083200000, 0x0000000083200000|100%| O|  |TAMS 0x0000000083200000, 0x0000000083100000| Untracked 
|  50|0x0000000083200000, 0x0000000083300000, 0x0000000083300000|100%| O|  |TAMS 0x0000000083300000, 0x0000000083200000| Untracked 
|  51|0x0000000083300000, 0x0000000083400000, 0x0000000083400000|100%| O|  |TAMS 0x0000000083400000, 0x0000000083300000| Untracked 
|  52|0x0000000083400000, 0x0000000083500000, 0x0000000083500000|100%| O|  |TAMS 0x0000000083500000, 0x0000000083400000| Untracked 
|  53|0x0000000083500000, 0x0000000083600000, 0x0000000083600000|100%| O|  |TAMS 0x0000000083600000, 0x0000000083500000| Untracked 
|  54|0x0000000083600000, 0x0000000083700000, 0x0000000083700000|100%| O|  |TAMS 0x0000000083700000, 0x0000000083600000| Untracked 
|  55|0x0000000083700000, 0x0000000083800000, 0x0000000083800000|100%| O|  |TAMS 0x0000000083800000, 0x0000000083700000| Complete 
|  56|0x0000000083800000, 0x0000000083900000, 0x0000000083900000|100%| O|  |TAMS 0x0000000083900000, 0x0000000083800000| Untracked 
|  57|0x0000000083900000, 0x0000000083a00000, 0x0000000083a00000|100%| O|  |TAMS 0x0000000083a00000, 0x0000000083900000| Untracked 
|  58|0x0000000083a00000, 0x0000000083b00000, 0x0000000083b00000|100%| O|  |TAMS 0x0000000083b00000, 0x0000000083a00000| Untracked 
|  59|0x0000000083b00000, 0x0000000083c00000, 0x0000000083c00000|100%| O|  |TAMS 0x0000000083c00000, 0x0000000083b00000| Untracked 
|  60|0x0000000083c00000, 0x0000000083d00000, 0x0000000083d00000|100%| O|  |TAMS 0x0000000083d00000, 0x0000000083c00000| Complete 
|  61|0x0000000083d00000, 0x0000000083e00000, 0x0000000083e00000|100%| O|  |TAMS 0x0000000083e00000, 0x0000000083d00000| Complete 
|  62|0x0000000083e00000, 0x0000000083f00000, 0x0000000083f00000|100%| O|  |TAMS 0x0000000083f00000, 0x0000000083e00000| Untracked 
|  63|0x0000000083f00000, 0x0000000084000000, 0x0000000084000000|100%| O|  |TAMS 0x0000000084000000, 0x0000000083f00000| Untracked 
|  64|0x0000000084000000, 0x0000000084100000, 0x0000000084100000|100%| O|  |TAMS 0x0000000084100000, 0x0000000084000000| Untracked 
|  65|0x0000000084100000, 0x0000000084200000, 0x0000000084200000|100%| O|  |TAMS 0x0000000084200000, 0x0000000084100000| Complete 
|  66|0x0000000084200000, 0x0000000084300000, 0x0000000084300000|100%| O|  |TAMS 0x0000000084300000, 0x0000000084200000| Untracked 
|  67|0x0000000084300000, 0x0000000084400000, 0x0000000084400000|100%| O|  |TAMS 0x0000000084400000, 0x0000000084300000| Complete 
|  68|0x0000000084400000, 0x0000000084500000, 0x0000000084500000|100%| O|  |TAMS 0x0000000084500000, 0x0000000084400000| Complete 
|  69|0x0000000084500000, 0x0000000084600000, 0x0000000084600000|100%| O|  |TAMS 0x0000000084600000, 0x0000000084500000| Untracked 
|  70|0x0000000084600000, 0x0000000084700000, 0x0000000084700000|100%| O|  |TAMS 0x0000000084700000, 0x0000000084600000| Complete 
|  71|0x0000000084700000, 0x0000000084800000, 0x0000000084800000|100%| O|  |TAMS 0x0000000084800000, 0x0000000084700000| Untracked 
|  72|0x0000000084800000, 0x0000000084900000, 0x0000000084900000|100%| O|  |TAMS 0x0000000084900000, 0x0000000084800000| Untracked 
|  73|0x0000000084900000, 0x0000000084a00000, 0x0000000084a00000|100%| O|  |TAMS 0x0000000084a00000, 0x0000000084900000| Untracked 
|  74|0x0000000084a00000, 0x0000000084b00000, 0x0000000084b00000|100%| O|  |TAMS 0x0000000084b00000, 0x0000000084a00000| Untracked 
|  75|0x0000000084b00000, 0x0000000084c00000, 0x0000000084c00000|100%| O|  |TAMS 0x0000000084c00000, 0x0000000084b00000| Untracked 
|  76|0x0000000084c00000, 0x0000000084d00000, 0x0000000084d00000|100%| O|  |TAMS 0x0000000084d00000, 0x0000000084c00000| Complete 
|  77|0x0000000084d00000, 0x0000000084e00000, 0x0000000084e00000|100%| O|  |TAMS 0x0000000084e00000, 0x0000000084d00000| Complete 
|  78|0x0000000084e00000, 0x0000000084f00000, 0x0000000084f00000|100%| O|  |TAMS 0x0000000084f00000, 0x0000000084e00000| Untracked 
|  79|0x0000000084f00000, 0x0000000085000000, 0x0000000085000000|100%| O|  |TAMS 0x0000000085000000, 0x0000000084f00000| Complete 
|  80|0x0000000085000000, 0x0000000085100000, 0x0000000085100000|100%| O|  |TAMS 0x0000000085100000, 0x0000000085000000| Complete 
|  81|0x0000000085100000, 0x0000000085200000, 0x0000000085200000|100%| O|  |TAMS 0x0000000085200000, 0x0000000085100000| Complete 
|  82|0x0000000085200000, 0x0000000085300000, 0x0000000085300000|100%| O|  |TAMS 0x0000000085300000, 0x0000000085200000| Complete 
|  83|0x0000000085300000, 0x0000000085400000, 0x0000000085400000|100%| O|  |TAMS 0x0000000085400000, 0x0000000085300000| Complete 
|  84|0x0000000085400000, 0x0000000085500000, 0x0000000085500000|100%| O|  |TAMS 0x0000000085500000, 0x0000000085400000| Complete 
|  85|0x0000000085500000, 0x0000000085600000, 0x0000000085600000|100%| O|  |TAMS 0x0000000085600000, 0x0000000085500000| Complete 
|  86|0x0000000085600000, 0x0000000085700000, 0x0000000085700000|100%| O|  |TAMS 0x00000000856ee600, 0x0000000085600000| Untracked 
|  87|0x0000000085700000, 0x0000000085800000, 0x0000000085800000|100%|HS|  |TAMS 0x0000000085800000, 0x0000000085700000| Complete 
|  88|0x0000000085800000, 0x0000000085900000, 0x0000000085900000|100%|HC|  |TAMS 0x0000000085900000, 0x0000000085800000| Complete 
|  89|0x0000000085900000, 0x0000000085a00000, 0x0000000085a00000|100%|HS|  |TAMS 0x0000000085a00000, 0x0000000085900000| Complete 
|  90|0x0000000085a00000, 0x0000000085b00000, 0x0000000085b00000|100%|HS|  |TAMS 0x0000000085b00000, 0x0000000085a00000| Complete 
|  91|0x0000000085b00000, 0x0000000085c00000, 0x0000000085c00000|100%|HS|  |TAMS 0x0000000085b00000, 0x0000000085b00000| Complete 
|  92|0x0000000085c00000, 0x0000000085d00000, 0x0000000085d00000|100%|HC|  |TAMS 0x0000000085c00000, 0x0000000085c00000| Complete 
|  93|0x0000000085d00000, 0x0000000085e00000, 0x0000000085e00000|100%|HS|  |TAMS 0x0000000085d00000, 0x0000000085d00000| Complete 
|  94|0x0000000085e00000, 0x0000000085f00000, 0x0000000085f00000|100%|HC|  |TAMS 0x0000000085e00000, 0x0000000085e00000| Complete 
|  95|0x0000000085f00000, 0x0000000086000000, 0x0000000086000000|100%|HS|  |TAMS 0x0000000085f00000, 0x0000000085f00000| Complete 
|  96|0x0000000086000000, 0x0000000086100000, 0x0000000086100000|100%|HC|  |TAMS 0x0000000086000000, 0x0000000086000000| Complete 
|  97|0x0000000086100000, 0x0000000086200000, 0x0000000086200000|100%|HC|  |TAMS 0x0000000086100000, 0x0000000086100000| Complete 
|  98|0x0000000086200000, 0x0000000086200000, 0x0000000086300000|  0%| F|  |TAMS 0x0000000086200000, 0x0000000086200000| Untracked 
|  99|0x0000000086300000, 0x0000000086300000, 0x0000000086400000|  0%| F|  |TAMS 0x0000000086300000, 0x0000000086300000| Untracked 
| 100|0x0000000086400000, 0x0000000086400000, 0x0000000086500000|  0%| F|  |TAMS 0x0000000086400000, 0x0000000086400000| Untracked 
| 101|0x0000000086500000, 0x0000000086600000, 0x0000000086600000|100%|HS|  |TAMS 0x0000000086500000, 0x0000000086500000| Complete 
| 102|0x0000000086600000, 0x0000000086700000, 0x0000000086700000|100%|HC|  |TAMS 0x0000000086600000, 0x0000000086600000| Complete 
| 103|0x0000000086700000, 0x0000000086700000, 0x0000000086800000|  0%| F|  |TAMS 0x0000000086700000, 0x0000000086700000| Untracked 
| 104|0x0000000086800000, 0x0000000086900000, 0x0000000086900000|100%|HS|  |TAMS 0x0000000086800000, 0x0000000086800000| Complete 
| 105|0x0000000086900000, 0x0000000086900000, 0x0000000086a00000|  0%| F|  |TAMS 0x0000000086900000, 0x0000000086900000| Untracked 
| 106|0x0000000086a00000, 0x0000000086b00000, 0x0000000086b00000|100%|HS|  |TAMS 0x0000000086a00000, 0x0000000086a00000| Complete 
| 107|0x0000000086b00000, 0x0000000086b00000, 0x0000000086c00000|  0%| F|  |TAMS 0x0000000086b00000, 0x0000000086b00000| Untracked 
| 108|0x0000000086c00000, 0x0000000086c00000, 0x0000000086d00000|  0%| F|  |TAMS 0x0000000086c00000, 0x0000000086c00000| Untracked 
| 109|0x0000000086d00000, 0x0000000086d00000, 0x0000000086e00000|  0%| F|  |TAMS 0x0000000086d00000, 0x0000000086d00000| Untracked 
| 110|0x0000000086e00000, 0x0000000086f00000, 0x0000000086f00000|100%|HS|  |TAMS 0x0000000086e00000, 0x0000000086e00000| Complete 
| 111|0x0000000086f00000, 0x0000000087000000, 0x0000000087000000|100%|HC|  |TAMS 0x0000000086f00000, 0x0000000086f00000| Complete 
| 112|0x0000000087000000, 0x0000000087000000, 0x0000000087100000|  0%| F|  |TAMS 0x0000000087000000, 0x0000000087000000| Untracked 
| 113|0x0000000087100000, 0x0000000087100000, 0x0000000087200000|  0%| F|  |TAMS 0x0000000087100000, 0x0000000087100000| Untracked 
| 114|0x0000000087200000, 0x0000000087200000, 0x0000000087300000|  0%| F|  |TAMS 0x0000000087200000, 0x0000000087200000| Untracked 
| 115|0x0000000087300000, 0x0000000087400000, 0x0000000087400000|100%|HS|  |TAMS 0x0000000087300000, 0x0000000087300000| Complete 
| 116|0x0000000087400000, 0x0000000087500000, 0x0000000087500000|100%|HC|  |TAMS 0x0000000087400000, 0x0000000087400000| Complete 
| 117|0x0000000087500000, 0x0000000087500000, 0x0000000087600000|  0%| F|  |TAMS 0x0000000087500000, 0x0000000087500000| Untracked 
| 118|0x0000000087600000, 0x0000000087600000, 0x0000000087700000|  0%| F|  |TAMS 0x0000000087600000, 0x0000000087600000| Untracked 
| 119|0x0000000087700000, 0x0000000087700000, 0x0000000087800000|  0%| F|  |TAMS 0x0000000087700000, 0x0000000087700000| Untracked 
| 120|0x0000000087800000, 0x0000000087800000, 0x0000000087900000|  0%| F|  |TAMS 0x0000000087800000, 0x0000000087800000| Untracked 
| 121|0x0000000087900000, 0x0000000087900000, 0x0000000087a00000|  0%| F|  |TAMS 0x0000000087900000, 0x0000000087900000| Untracked 
| 122|0x0000000087a00000, 0x0000000087a00000, 0x0000000087b00000|  0%| F|  |TAMS 0x0000000087a00000, 0x0000000087a00000| Untracked 
| 123|0x0000000087b00000, 0x0000000087c00000, 0x0000000087c00000|100%|HS|  |TAMS 0x0000000087b00000, 0x0000000087b00000| Complete 
| 124|0x0000000087c00000, 0x0000000087d00000, 0x0000000087d00000|100%|HC|  |TAMS 0x0000000087c00000, 0x0000000087c00000| Complete 
| 125|0x0000000087d00000, 0x0000000087e00000, 0x0000000087e00000|100%|HC|  |TAMS 0x0000000087d00000, 0x0000000087d00000| Complete 
| 126|0x0000000087e00000, 0x0000000087e00000, 0x0000000087f00000|  0%| F|  |TAMS 0x0000000087e00000, 0x0000000087e00000| Untracked 
| 127|0x0000000087f00000, 0x0000000087f00000, 0x0000000088000000|  0%| F|  |TAMS 0x0000000087f00000, 0x0000000087f00000| Untracked 
| 128|0x0000000088000000, 0x0000000088000000, 0x0000000088100000|  0%| F|  |TAMS 0x0000000088000000, 0x0000000088000000| Untracked 
| 129|0x0000000088100000, 0x0000000088100000, 0x0000000088200000|  0%| F|  |TAMS 0x0000000088100000, 0x0000000088100000| Untracked 
| 130|0x0000000088200000, 0x0000000088200000, 0x0000000088300000|  0%| F|  |TAMS 0x0000000088200000, 0x0000000088200000| Untracked 
| 131|0x0000000088300000, 0x0000000088300000, 0x0000000088400000|  0%| F|  |TAMS 0x0000000088300000, 0x0000000088300000| Untracked 
| 132|0x0000000088400000, 0x0000000088400000, 0x0000000088500000|  0%| F|  |TAMS 0x0000000088400000, 0x0000000088400000| Untracked 
| 133|0x0000000088500000, 0x0000000088500000, 0x0000000088600000|  0%| F|  |TAMS 0x0000000088500000, 0x0000000088500000| Untracked 
| 134|0x0000000088600000, 0x0000000088600000, 0x0000000088700000|  0%| F|  |TAMS 0x0000000088600000, 0x0000000088600000| Untracked 
| 135|0x0000000088700000, 0x0000000088700000, 0x0000000088800000|  0%| F|  |TAMS 0x0000000088700000, 0x0000000088700000| Untracked 
| 136|0x0000000088800000, 0x0000000088800000, 0x0000000088900000|  0%| F|  |TAMS 0x0000000088800000, 0x0000000088800000| Untracked 
| 137|0x0000000088900000, 0x0000000088900000, 0x0000000088a00000|  0%| F|  |TAMS 0x0000000088900000, 0x0000000088900000| Untracked 
| 138|0x0000000088a00000, 0x0000000088a00000, 0x0000000088b00000|  0%| F|  |TAMS 0x0000000088a00000, 0x0000000088a00000| Untracked 
| 139|0x0000000088b00000, 0x0000000088b00000, 0x0000000088c00000|  0%| F|  |TAMS 0x0000000088b00000, 0x0000000088b00000| Untracked 
| 140|0x0000000088c00000, 0x0000000088c00000, 0x0000000088d00000|  0%| F|  |TAMS 0x0000000088c00000, 0x0000000088c00000| Untracked 
| 141|0x0000000088d00000, 0x0000000088d00000, 0x0000000088e00000|  0%| F|  |TAMS 0x0000000088d00000, 0x0000000088d00000| Untracked 
| 142|0x0000000088e00000, 0x0000000088e00000, 0x0000000088f00000|  0%| F|  |TAMS 0x0000000088e00000, 0x0000000088e00000| Untracked 
| 143|0x0000000088f00000, 0x0000000088f00000, 0x0000000089000000|  0%| F|  |TAMS 0x0000000088f00000, 0x0000000088f00000| Untracked 
| 144|0x0000000089000000, 0x0000000089000000, 0x0000000089100000|  0%| F|  |TAMS 0x0000000089000000, 0x0000000089000000| Untracked 
| 145|0x0000000089100000, 0x0000000089100000, 0x0000000089200000|  0%| F|  |TAMS 0x0000000089100000, 0x0000000089100000| Untracked 
| 146|0x0000000089200000, 0x0000000089200000, 0x0000000089300000|  0%| F|  |TAMS 0x0000000089200000, 0x0000000089200000| Untracked 
| 147|0x0000000089300000, 0x0000000089300000, 0x0000000089400000|  0%| F|  |TAMS 0x0000000089300000, 0x0000000089300000| Untracked 
| 148|0x0000000089400000, 0x0000000089400000, 0x0000000089500000|  0%| F|  |TAMS 0x0000000089400000, 0x0000000089400000| Untracked 
| 149|0x0000000089500000, 0x0000000089500000, 0x0000000089600000|  0%| F|  |TAMS 0x0000000089500000, 0x0000000089500000| Untracked 
| 150|0x0000000089600000, 0x0000000089600000, 0x0000000089700000|  0%| F|  |TAMS 0x0000000089600000, 0x0000000089600000| Untracked 
| 151|0x0000000089700000, 0x0000000089700000, 0x0000000089800000|  0%| F|  |TAMS 0x0000000089700000, 0x0000000089700000| Untracked 
| 152|0x0000000089800000, 0x0000000089800000, 0x0000000089900000|  0%| F|  |TAMS 0x0000000089800000, 0x0000000089800000| Untracked 
| 153|0x0000000089900000, 0x0000000089900000, 0x0000000089a00000|  0%| F|  |TAMS 0x0000000089900000, 0x0000000089900000| Untracked 
| 154|0x0000000089a00000, 0x0000000089a00000, 0x0000000089b00000|  0%| F|  |TAMS 0x0000000089a00000, 0x0000000089a00000| Untracked 
| 155|0x0000000089b00000, 0x0000000089b00000, 0x0000000089c00000|  0%| F|  |TAMS 0x0000000089b00000, 0x0000000089b00000| Untracked 
| 156|0x0000000089c00000, 0x0000000089c00000, 0x0000000089d00000|  0%| F|  |TAMS 0x0000000089c00000, 0x0000000089c00000| Untracked 
| 157|0x0000000089d00000, 0x0000000089d00000, 0x0000000089e00000|  0%| F|  |TAMS 0x0000000089d00000, 0x0000000089d00000| Untracked 
| 158|0x0000000089e00000, 0x0000000089e00000, 0x0000000089f00000|  0%| F|  |TAMS 0x0000000089e00000, 0x0000000089e00000| Untracked 
| 159|0x0000000089f00000, 0x0000000089f00000, 0x000000008a000000|  0%| F|  |TAMS 0x0000000089f00000, 0x0000000089f00000| Untracked 
| 160|0x000000008a000000, 0x000000008a000000, 0x000000008a100000|  0%| F|  |TAMS 0x000000008a000000, 0x000000008a000000| Untracked 
| 161|0x000000008a100000, 0x000000008a100000, 0x000000008a200000|  0%| F|  |TAMS 0x000000008a100000, 0x000000008a100000| Untracked 
| 162|0x000000008a200000, 0x000000008a200000, 0x000000008a300000|  0%| F|  |TAMS 0x000000008a200000, 0x000000008a200000| Untracked 
| 163|0x000000008a300000, 0x000000008a300000, 0x000000008a400000|  0%| F|  |TAMS 0x000000008a300000, 0x000000008a300000| Untracked 
| 164|0x000000008a400000, 0x000000008a400000, 0x000000008a500000|  0%| F|  |TAMS 0x000000008a400000, 0x000000008a400000| Untracked 
| 165|0x000000008a500000, 0x000000008a500000, 0x000000008a600000|  0%| F|  |TAMS 0x000000008a500000, 0x000000008a500000| Untracked 
| 166|0x000000008a600000, 0x000000008a600000, 0x000000008a700000|  0%| F|  |TAMS 0x000000008a600000, 0x000000008a600000| Untracked 
| 167|0x000000008a700000, 0x000000008a700000, 0x000000008a800000|  0%| F|  |TAMS 0x000000008a700000, 0x000000008a700000| Untracked 
| 168|0x000000008a800000, 0x000000008a800000, 0x000000008a900000|  0%| F|  |TAMS 0x000000008a800000, 0x000000008a800000| Untracked 
| 169|0x000000008a900000, 0x000000008a900000, 0x000000008aa00000|  0%| F|  |TAMS 0x000000008a900000, 0x000000008a900000| Untracked 
| 170|0x000000008aa00000, 0x000000008aa00000, 0x000000008ab00000|  0%| F|  |TAMS 0x000000008aa00000, 0x000000008aa00000| Untracked 
| 171|0x000000008ab00000, 0x000000008ac00000, 0x000000008ac00000|100%| S|CS|TAMS 0x000000008ab00000, 0x000000008ab00000| Complete 
| 172|0x000000008ac00000, 0x000000008ad00000, 0x000000008ad00000|100%| O|  |TAMS 0x000000008ac00000, 0x000000008ac00000| Untracked 
| 173|0x000000008ad00000, 0x000000008ae00000, 0x000000008ae00000|100%| S|CS|TAMS 0x000000008ad00000, 0x000000008ad00000| Complete 
| 174|0x000000008ae00000, 0x000000008af00000, 0x000000008af00000|100%| S|CS|TAMS 0x000000008ae00000, 0x000000008ae00000| Complete 
| 175|0x000000008af00000, 0x000000008b000000, 0x000000008b000000|100%| S|CS|TAMS 0x000000008af00000, 0x000000008af00000| Complete 
| 176|0x000000008b000000, 0x000000008b100000, 0x000000008b100000|100%| S|CS|TAMS 0x000000008b000000, 0x000000008b000000| Complete 
| 177|0x000000008b100000, 0x000000008b200000, 0x000000008b200000|100%| S|CS|TAMS 0x000000008b100000, 0x000000008b100000| Complete 
| 178|0x000000008b200000, 0x000000008b300000, 0x000000008b300000|100%| O|  |TAMS 0x000000008b200000, 0x000000008b200000| Untracked 
| 179|0x000000008b300000, 0x000000008b400000, 0x000000008b400000|100%| O|  |TAMS 0x000000008b300000, 0x000000008b300000| Untracked 
| 180|0x000000008b400000, 0x000000008b500000, 0x000000008b500000|100%| O|  |TAMS 0x000000008b400000, 0x000000008b400000| Untracked 
| 181|0x000000008b500000, 0x000000008b600000, 0x000000008b600000|100%| O|  |TAMS 0x000000008b500000, 0x000000008b500000| Untracked 
| 182|0x000000008b600000, 0x000000008b700000, 0x000000008b700000|100%| O|  |TAMS 0x000000008b600000, 0x000000008b600000| Untracked 
| 183|0x000000008b700000, 0x000000008b800000, 0x000000008b800000|100%| O|  |TAMS 0x000000008b700000, 0x000000008b700000| Untracked 
| 184|0x000000008b800000, 0x000000008b900000, 0x000000008b900000|100%| O|  |TAMS 0x000000008b800000, 0x000000008b800000| Untracked 
| 185|0x000000008b900000, 0x000000008ba00000, 0x000000008ba00000|100%| O|  |TAMS 0x000000008b900000, 0x000000008b900000| Untracked 
| 186|0x000000008ba00000, 0x000000008bb00000, 0x000000008bb00000|100%| O|  |TAMS 0x000000008ba00000, 0x000000008ba00000| Untracked 
| 187|0x000000008bb00000, 0x000000008bbbb400, 0x000000008bc00000| 73%| O|  |TAMS 0x000000008bb00000, 0x000000008bb00000| Untracked 

Card table byte_map: [0x000001a34a2a0000,0x000001a34a6a0000] _byte_map_base: 0x000001a349ea0000

Marking Bits (Prev, Next): (CMBitMap*) 0x000001a334f4f018, (CMBitMap*) 0x000001a334f4f050
 Prev Bits: [0x000001a34aaa0000, 0x000001a34caa0000)
 Next Bits: [0x000001a34caa0000, 0x000001a34eaa0000)

Polling page: 0x000001a3367a0000

Metaspace:

Usage:
  Non-class:     91.92 MB capacity,    90.13 MB ( 98%) used,     1.46 MB (  2%) free+waste,   349.69 KB ( <1%) overhead. 
      Class:     14.33 MB capacity,    13.22 MB ( 92%) used,   984.93 KB (  7%) free+waste,   155.63 KB (  1%) overhead. 
       Both:    106.25 MB capacity,   103.34 MB ( 97%) used,     2.42 MB (  2%) free+waste,   505.31 KB ( <1%) overhead. 

Virtual space:
  Non-class space:       94.00 MB reserved,      92.11 MB ( 98%) committed 
      Class space:        1.00 GB reserved,      14.45 MB (  1%) committed 
             Both:        1.09 GB reserved,     106.56 MB ( 10%) committed 

Chunk freelists:
   Non-Class:  61.00 KB
       Class:  15.00 KB
        Both:  76.00 KB

MaxMetaspaceSize: 17179869184.00 GB
CompressedClassSpaceSize: 1.00 GB
Initial GC threshold: 20.80 MB
Current GC threshold: 176.97 MB
CDS: off

CodeHeap 'non-profiled nmethods': size=120000Kb used=10547Kb max_used=10547Kb free=109452Kb
 bounds [0x000001a341cd0000, 0x000001a342720000, 0x000001a349200000]
CodeHeap 'profiled nmethods': size=120000Kb used=34716Kb max_used=34716Kb free=85283Kb
 bounds [0x000001a33a7a0000, 0x000001a33c990000, 0x000001a341cd0000]
CodeHeap 'non-nmethods': size=5760Kb used=2402Kb max_used=2461Kb free=3357Kb
 bounds [0x000001a33a200000, 0x000001a33a470000, 0x000001a33a7a0000]
 total_blobs=16027 nmethods=15101 adapters=837
 compilation: enabled
              stopped_count=0, restarted_count=0
 full_count=0

Compilation events (20 events):
Event: 44.020 Thread 0x000001a3517af000 15235       1       com.android.tools.analytics.CommonMetricsData$GarbageCollectionStatsDiffs::getCollections (5 bytes)
Event: 44.020 Thread 0x000001a3517af000 nmethod 15235 0x000001a34271b590 code [0x000001a34271b740, 0x000001a34271b7f8]
Event: 44.020 Thread 0x000001a3517af000 15236       1       com.android.tools.analytics.CommonMetricsData$GarbageCollectionStatsDiffs::getTime (5 bytes)
Event: 44.020 Thread 0x000001a3517af000 nmethod 15236 0x000001a34271b890 code [0x000001a34271ba40, 0x000001a34271baf8]
Event: 44.020 Thread 0x000001a357972800 nmethod 15195 0x000001a34271bb90 code [0x000001a34271bd20, 0x000001a34271bdb8]
Event: 44.020 Thread 0x000001a357972800 15186       4       com.android.tools.r8.internal.T::b (10 bytes)
Event: 44.021 Thread 0x000001a357972800 nmethod 15186 0x000001a34271be90 code [0x000001a34271c020, 0x000001a34271c078]
Event: 44.021 Thread 0x000001a357972800 15220       4       com.android.tools.r8.internal.v2::b (2 bytes)
Event: 44.021 Thread 0x000001a357972800 nmethod 15220 0x000001a34271c190 code [0x000001a34271c320, 0x000001a34271c378]
Event: 44.021 Thread 0x000001a357972800 15207       4       com.android.tools.r8.dex.c::a (9 bytes)
Event: 44.021 Thread 0x000001a3517af000 15248       3       org.gradle.internal.execution.steps.SkipUpToDateStep$1::getAfterExecutionState (8 bytes)
Event: 44.022 Thread 0x000001a3517af000 nmethod 15248 0x000001a33c981a10 code [0x000001a33c981c00, 0x000001a33c982028]
Event: 44.023 Thread 0x000001a357972800 nmethod 15207 0x000001a34271c490 code [0x000001a34271c640, 0x000001a34271c738]
Event: 44.023 Thread 0x000001a357972800 15249       4       com.android.tools.r8.graph.c1::<init> (36 bytes)
Event: 44.024 Thread 0x000001a357972800 nmethod 15249 0x000001a34271c910 code [0x000001a34271caa0, 0x000001a34271cbd8]
Event: 44.024 Thread 0x000001a357972800 15250       4       com.android.tools.r8.graph.P0::h (62 bytes)
Event: 44.027 Thread 0x000001a3517af000 15252       3       org.gradle.execution.plan.DefaultExecutionPlan::selectNext (282 bytes)
Event: 44.031 Thread 0x000001a3517af000 nmethod 15252 0x000001a33c982210 code [0x000001a33c9827e0, 0x000001a33c985d48]
Event: 44.031 Thread 0x000001a3517af000 15253       3       org.gradle.cache.internal.DefaultCacheFactory$ReferenceTrackingCache::withFileLock (14 bytes)
Event: 44.031 Thread 0x000001a3517af000 nmethod 15253 0x000001a33c986e90 code [0x000001a33c987060, 0x000001a33c987248]

GC Heap History (20 events):
Event: 38.065 GC heap after
{Heap after GC invocations=54 (full 0):
 garbage-first heap   total 145408K, used 89879K [0x0000000080000000, 0x0000000100000000)
  region size 1024K, 2 young (2048K), 2 survivors (2048K)
 Metaspace       used 102737K, capacity 105300K, committed 105404K, reserved 1140736K
  class space    used 13131K, capacity 14116K, committed 14156K, reserved 1048576K
}
Event: 38.721 GC heap before
{Heap before GC invocations=55 (full 0):
 garbage-first heap   total 145408K, used 121623K [0x0000000080000000, 0x0000000100000000)
  region size 1024K, 33 young (33792K), 2 survivors (2048K)
 Metaspace       used 102760K, capacity 105301K, committed 105404K, reserved 1140736K
  class space    used 13131K, capacity 14116K, committed 14156K, reserved 1048576K
}
Event: 38.729 GC heap after
{Heap after GC invocations=56 (full 0):
 garbage-first heap   total 145408K, used 89869K [0x0000000080000000, 0x0000000100000000)
  region size 1024K, 2 young (2048K), 2 survivors (2048K)
 Metaspace       used 102760K, capacity 105301K, committed 105404K, reserved 1140736K
  class space    used 13131K, capacity 14116K, committed 14156K, reserved 1048576K
}
Event: 39.202 GC heap before
{Heap before GC invocations=56 (full 0):
 garbage-first heap   total 145408K, used 121613K [0x0000000080000000, 0x0000000100000000)
  region size 1024K, 33 young (33792K), 2 survivors (2048K)
 Metaspace       used 102810K, capacity 105368K, committed 105660K, reserved 1140736K
  class space    used 13136K, capacity 14116K, committed 14156K, reserved 1048576K
}
Event: 39.208 GC heap after
{Heap after GC invocations=57 (full 0):
 garbage-first heap   total 145408K, used 90091K [0x0000000080000000, 0x0000000100000000)
  region size 1024K, 2 young (2048K), 2 survivors (2048K)
 Metaspace       used 102810K, capacity 105368K, committed 105660K, reserved 1140736K
  class space    used 13136K, capacity 14116K, committed 14156K, reserved 1048576K
}
Event: 39.842 GC heap before
{Heap before GC invocations=58 (full 0):
 garbage-first heap   total 145408K, used 122859K [0x0000000080000000, 0x0000000100000000)
  region size 1024K, 34 young (34816K), 2 survivors (2048K)
 Metaspace       used 102851K, capacity 105451K, committed 105660K, reserved 1140736K
  class space    used 13139K, capacity 14121K, committed 14156K, reserved 1048576K
}
Event: 39.848 GC heap after
{Heap after GC invocations=59 (full 0):
 garbage-first heap   total 145408K, used 90130K [0x0000000080000000, 0x0000000100000000)
  region size 1024K, 2 young (2048K), 2 survivors (2048K)
 Metaspace       used 102851K, capacity 105451K, committed 105660K, reserved 1140736K
  class space    used 13139K, capacity 14121K, committed 14156K, reserved 1048576K
}
Event: 40.114 GC heap before
{Heap before GC invocations=59 (full 0):
 garbage-first heap   total 145408K, used 122898K [0x0000000080000000, 0x0000000100000000)
  region size 1024K, 34 young (34816K), 2 survivors (2048K)
 Metaspace       used 102879K, capacity 105452K, committed 105660K, reserved 1140736K
  class space    used 13139K, capacity 14121K, committed 14156K, reserved 1048576K
}
Event: 40.123 GC heap after
{Heap after GC invocations=60 (full 0):
 garbage-first heap   total 145408K, used 90431K [0x0000000080000000, 0x0000000100000000)
  region size 1024K, 3 young (3072K), 3 survivors (3072K)
 Metaspace       used 102879K, capacity 105452K, committed 105660K, reserved 1140736K
  class space    used 13139K, capacity 14121K, committed 14156K, reserved 1048576K
}
Event: 40.633 GC heap before
{Heap before GC invocations=61 (full 0):
 garbage-first heap   total 145408K, used 123199K [0x0000000080000000, 0x0000000100000000)
  region size 1024K, 35 young (35840K), 3 survivors (3072K)
 Metaspace       used 102908K, capacity 105517K, committed 105660K, reserved 1140736K
  class space    used 13139K, capacity 14121K, committed 14156K, reserved 1048576K
}
Event: 40.642 GC heap after
{Heap after GC invocations=62 (full 0):
 garbage-first heap   total 175104K, used 90439K [0x0000000080000000, 0x0000000100000000)
  region size 1024K, 3 young (3072K), 3 survivors (3072K)
 Metaspace       used 102908K, capacity 105517K, committed 105660K, reserved 1140736K
  class space    used 13139K, capacity 14121K, committed 14156K, reserved 1048576K
}
Event: 41.248 GC heap before
{Heap before GC invocations=62 (full 0):
 garbage-first heap   total 175104K, used 136519K [0x0000000080000000, 0x0000000100000000)
  region size 1024K, 48 young (49152K), 3 survivors (3072K)
 Metaspace       used 102929K, capacity 105518K, committed 105660K, reserved 1140736K
  class space    used 13139K, capacity 14121K, committed 14156K, reserved 1048576K
}
Event: 41.254 GC heap after
{Heap after GC invocations=63 (full 0):
 garbage-first heap   total 175104K, used 90566K [0x0000000080000000, 0x0000000100000000)
  region size 1024K, 2 young (2048K), 2 survivors (2048K)
 Metaspace       used 102929K, capacity 105518K, committed 105660K, reserved 1140736K
  class space    used 13139K, capacity 14121K, committed 14156K, reserved 1048576K
}
Event: 42.825 GC heap before
{Heap before GC invocations=64 (full 0):
 garbage-first heap   total 175104K, used 131526K [0x0000000080000000, 0x0000000100000000)
  region size 1024K, 43 young (44032K), 2 survivors (2048K)
 Metaspace       used 104783K, capacity 107608K, committed 107836K, reserved 1142784K
  class space    used 13388K, capacity 14467K, committed 14540K, reserved 1048576K
}
Event: 42.837 GC heap after
{Heap after GC invocations=65 (full 0):
 garbage-first heap   total 175104K, used 92289K [0x0000000080000000, 0x0000000100000000)
  region size 1024K, 4 young (4096K), 4 survivors (4096K)
 Metaspace       used 104783K, capacity 107608K, committed 107836K, reserved 1142784K
  class space    used 13388K, capacity 14467K, committed 14540K, reserved 1048576K
}
Event: 43.322 GC heap before
{Heap before GC invocations=66 (full 0):
 garbage-first heap   total 175104K, used 103553K [0x0000000080000000, 0x0000000100000000)
  region size 1024K, 15 young (15360K), 4 survivors (4096K)
 Metaspace       used 105279K, capacity 108132K, committed 108476K, reserved 1142784K
  class space    used 13457K, capacity 14561K, committed 14668K, reserved 1048576K
}
Event: 43.332 GC heap after
{Heap after GC invocations=67 (full 0):
 garbage-first heap   total 175104K, used 90669K [0x0000000080000000, 0x0000000100000000)
  region size 1024K, 2 young (2048K), 2 survivors (2048K)
 Metaspace       used 105279K, capacity 108132K, committed 108476K, reserved 1142784K
  class space    used 13457K, capacity 14561K, committed 14668K, reserved 1048576K
}
Event: 43.537 GC heap before
{Heap before GC invocations=68 (full 0):
 garbage-first heap   total 175104K, used 96813K [0x0000000080000000, 0x0000000100000000)
  region size 1024K, 6 young (6144K), 2 survivors (2048K)
 Metaspace       used 105301K, capacity 108132K, committed 108476K, reserved 1142784K
  class space    used 13460K, capacity 14561K, committed 14668K, reserved 1048576K
}
Event: 43.546 GC heap after
{Heap after GC invocations=69 (full 0):
 garbage-first heap   total 175104K, used 97127K [0x0000000080000000, 0x0000000100000000)
  region size 1024K, 4 young (4096K), 4 survivors (4096K)
 Metaspace       used 105301K, capacity 108132K, committed 108476K, reserved 1142784K
  class space    used 13460K, capacity 14561K, committed 14668K, reserved 1048576K
}
Event: 44.034 GC heap before
{Heap before GC invocations=70 (full 0):
 garbage-first heap   total 175104K, used 173927K [0x0000000080000000, 0x0000000100000000)
  region size 1024K, 45 young (46080K), 4 survivors (4096K)
 Metaspace       used 105822K, capacity 108804K, committed 109116K, reserved 1144832K
  class space    used 13532K, capacity 14673K, committed 14796K, reserved 1048576K
}

Deoptimization events (20 events):
Event: 43.522 Thread 0x000001a3561ef800 Uncommon trap: trap_request=0xffffff4d fr.pc=0x000001a3422d500c relative=0x000000000000016c
Event: 43.522 Thread 0x000001a3561ef800 Uncommon trap: reason=unstable_if action=reinterpret pc=0x000001a3422d500c method=org.gradle.internal.io.StreamByteBuffer.prepareRead()I @ 30 c2
Event: 43.522 Thread 0x000001a3561ef800 DEOPT PACKING pc=0x000001a3422d500c sp=0x0000000d932fe730
Event: 43.522 Thread 0x000001a3561ef800 DEOPT UNPACKING pc=0x000001a33a24a1af sp=0x0000000d932fe6e0 mode 2
Event: 43.603 Thread 0x000001a3576aa800 Uncommon trap: trap_request=0xffffff4d fr.pc=0x000001a3424042cc relative=0x000000000000038c
Event: 43.603 Thread 0x000001a3576aa800 Uncommon trap: reason=unstable_if action=reinterpret pc=0x000001a3424042cc method=com.android.tools.r8.graph.X0.h(Ljava/lang/Object;)Z @ 23 c2
Event: 43.603 Thread 0x000001a3576aa800 DEOPT PACKING pc=0x000001a3424042cc sp=0x0000000d9d2fd150
Event: 43.603 Thread 0x000001a3576aa800 DEOPT UNPACKING pc=0x000001a33a24a1af sp=0x0000000d9d2fd0f0 mode 2
Event: 43.828 Thread 0x000001a3576aa800 Uncommon trap: trap_request=0xffffff4d fr.pc=0x000001a3420859dc relative=0x00000000000000bc
Event: 43.828 Thread 0x000001a3576aa800 Uncommon trap: reason=unstable_if action=reinterpret pc=0x000001a3420859dc method=jdk.internal.misc.Unsafe.convEndian(ZS)S @ 4 c2
Event: 43.828 Thread 0x000001a3576aa800 DEOPT PACKING pc=0x000001a3420859dc sp=0x0000000d9d2fd7a0
Event: 43.828 Thread 0x000001a3576aa800 DEOPT UNPACKING pc=0x000001a33a24a1af sp=0x0000000d9d2fd660 mode 2
Event: 43.887 Thread 0x000001a3576aa800 Uncommon trap: trap_request=0xffffff4d fr.pc=0x000001a3425c9210 relative=0x0000000000000170
Event: 43.887 Thread 0x000001a3576aa800 Uncommon trap: reason=unstable_if action=reinterpret pc=0x000001a3425c9210 method=com.android.tools.r8.graph.a1.a([C)I @ 44 c2
Event: 43.887 Thread 0x000001a3576aa800 DEOPT PACKING pc=0x000001a3425c9210 sp=0x0000000d9d2fd650
Event: 43.887 Thread 0x000001a3576aa800 DEOPT UNPACKING pc=0x000001a33a24a1af sp=0x0000000d9d2fd5d8 mode 2
Event: 43.988 Thread 0x000001a357ef6800 Uncommon trap: trap_request=0xffffffde fr.pc=0x000001a3425e0090 relative=0x0000000000000070
Event: 43.988 Thread 0x000001a357ef6800 Uncommon trap: reason=class_check action=maybe_recompile pc=0x000001a3425e0090 method=java.util.Collections$SetFromMap.isEmpty()Z @ 4 c2
Event: 43.988 Thread 0x000001a357ef6800 DEOPT PACKING pc=0x000001a3425e0090 sp=0x0000000d994fb440
Event: 43.988 Thread 0x000001a357ef6800 DEOPT UNPACKING pc=0x000001a33a24a1af sp=0x0000000d994fb3c8 mode 2

Classes redefined (0 events):
No events

Internal exceptions (20 events):
Event: 30.678 Thread 0x000001a3548eb800 Exception <a 'java/lang/NoSuchMethodError'{0x000000008701d250}: 'java.lang.Object java.lang.invoke.DirectMethodHandle$Holder.invokeStatic(java.lang.Object, long)'> (0x000000008701d250) thrown at [./src/hotspot/share/interpreter/linkResolver.cpp, line 773]
Event: 31.074 Thread 0x000001a3548eb800 Exception <a 'java/lang/NoSuchMethodError'{0x0000000086668f28}: 'void java.lang.invoke.DirectMethodHandle$Holder.invokeStatic(java.lang.Object, java.lang.Object, java.lang.Object, int)'> (0x0000000086668f28) thrown at [./src/hotspot/share/interpreter/linkResolver.cpp, line 773]
Event: 31.076 Thread 0x000001a3548eb800 Exception <a 'java/lang/IncompatibleClassChangeError'{0x0000000086672e80}: Found class java.lang.Object, but interface was expected> (0x0000000086672e80) thrown at [./src/hotspot/share/interpreter/linkResolver.cpp, line 839]
Event: 31.526 Thread 0x000001a3548eb800 Exception <a 'java/lang/NoSuchMethodError'{0x00000000869c7c28}: 'java.lang.Object java.lang.invoke.DirectMethodHandle$Holder.invokeStatic(java.lang.Object, int, java.lang.Object, java.lang.Object)'> (0x00000000869c7c28) thrown at [./src/hotspot/share/interpreter/linkResolver.cpp, line 773]
Event: 32.046 Thread 0x000001a3548eb800 Exception <a 'java/lang/IncompatibleClassChangeError'{0x0000000086d95a90}: Found class java.lang.Object, but interface was expected> (0x0000000086d95a90) thrown at [./src/hotspot/share/interpreter/linkResolver.cpp, line 839]
Event: 32.049 Thread 0x000001a3548eb800 Exception <a 'java/lang/IncompatibleClassChangeError'{0x0000000086d9e910}: Found class java.lang.Object, but interface was expected> (0x0000000086d9e910) thrown at [./src/hotspot/share/interpreter/linkResolver.cpp, line 839]
Event: 32.180 Thread 0x000001a3548eb800 Exception <a 'java/lang/NoSuchMethodError'{0x0000000086ac55b0}: 'void java.lang.invoke.DirectMethodHandle$Holder.invokeSpecial(java.lang.Object, java.lang.Object, int, java.lang.Object)'> (0x0000000086ac55b0) thrown at [./src/hotspot/share/interpreter/linkResolver.cpp, line 773]
Event: 32.580 Thread 0x000001a3548eb800 Exception <a 'java/lang/NoSuchMethodError'{0x0000000087472ba0}: 'java.lang.Object java.lang.invoke.DirectMethodHandle$Holder.invokeInterface(java.lang.Object, java.lang.Object, int)'> (0x0000000087472ba0) thrown at [./src/hotspot/share/interpreter/linkResolver.cpp, line 773]
Event: 33.728 Thread 0x000001a3548eb800 Exception <a 'java/lang/NoSuchMethodError'{0x00000000879ac3e0}: 'java.lang.Object java.lang.invoke.DirectMethodHandle$Holder.invokeSpecial(java.lang.Object, java.lang.Object, java.lang.Object, java.lang.Object, java.lang.Object, java.lang.Object, java.lang.Object, java.lang.Object, java.lang.Object, java.lang.Object, java.lang.Object)'> (0x00000000879ac3e0) thrown at [./src/hotspot/share/interpreter/linkResolver.cpp, line 773]
Event: 33.731 Thread 0x000001a3548eb800 Exception <a 'java/lang/NoSuchMethodError'{0x00000000879b7d80}: 'java.lang.Object java.lang.invoke.Invokers$Holder.linkToTargetMethod(java.lang.Object, java.lang.Object, java.lang.Object, java.lang.Object, java.lang.Object, java.lang.Object, java.lang.Object, java.lang.Object, java.lang.Object, java.lang.Object)'> (0x00000000879b7d80) thrown at [./src/hotspot/share/interpreter/linkResolver.cpp, line 773]
Event: 33.752 Thread 0x000001a3548eb800 Exception <a 'java/lang/IncompatibleClassChangeError'{0x0000000087820288}: Found class java.lang.Object, but interface was expected> (0x0000000087820288) thrown at [./src/hotspot/share/interpreter/linkResolver.cpp, line 839]
Event: 41.833 Thread 0x000001a3548eb800 Implicit null exception at 0x000001a3423f0cef to 0x000001a3423f0e2c
Event: 41.897 Thread 0x000001a3548eb800 Exception <a 'java/lang/NoSuchMethodError'{0x0000000089360238}: 'java.lang.Object java.lang.invoke.Invokers$Holder.linkToTargetMethod(java.lang.Object, int, java.lang.Object, java.lang.Object, java.lang.Object, java.lang.Object)'> (0x0000000089360238) thrown at [./src/hotspot/share/interpreter/linkResolver.cpp, line 773]
Event: 42.021 Thread 0x000001a3548eb800 Exception <a 'java/lang/NoSuchMethodError'{0x0000000089230ad0}: 'void java.lang.invoke.DirectMethodHandle$Holder.invokeStatic(java.lang.Object, java.lang.Object, java.lang.Object, java.lang.Object, java.lang.Object, java.lang.Object, java.lang.Object, java.lang.Object)'> (0x0000000089230ad0) thrown at [./src/hotspot/share/interpreter/linkResolver.cpp, line 773]
Event: 42.455 Thread 0x000001a3548eb800 Exception <a 'java/lang/IncompatibleClassChangeError'{0x0000000088b9bfc0}: Found class java.lang.Object, but interface was expected> (0x0000000088b9bfc0) thrown at [./src/hotspot/share/interpreter/linkResolver.cpp, line 839]
Event: 42.671 Thread 0x000001a3548eb800 Exception <a 'java/lang/NoSuchMethodError'{0x00000000884a1ad0}: 'void java.lang.invoke.DirectMethodHandle$Holder.invokeSpecial(java.lang.Object, java.lang.Object, int)'> (0x00000000884a1ad0) thrown at [./src/hotspot/share/interpreter/linkResolver.cpp, line 773]
Event: 43.124 Thread 0x000001a3548eb800 Exception <a 'sun/nio/fs/WindowsException'{0x000000008aadf800}> (0x000000008aadf800) thrown at [./src/hotspot/share/prims/jni.cpp, line 616]
Event: 43.150 Thread 0x000001a3548eb800 Exception <a 'java/lang/NoSuchMethodError'{0x000000008a9a52e0}: 'java.lang.Object java.lang.invoke.DirectMethodHandle$Holder.newInvokeSpecial(java.lang.Object, java.lang.Object, java.lang.Object, java.lang.Object)'> (0x000000008a9a52e0) thrown at [./src/hotspot/share/interpreter/linkResolver.cpp, line 773]
Event: 43.602 Thread 0x000001a3576aa800 Exception <a 'sun/nio/fs/WindowsException'{0x000000008a9d8978}> (0x000000008a9d8978) thrown at [./src/hotspot/share/prims/jni.cpp, line 616]
Event: 44.007 Thread 0x000001a354539800 Exception <a 'java/lang/NoSuchMethodError'{0x000000008813d500}: <clinit>> (0x000000008813d500) thrown at [./src/hotspot/share/prims/jni.cpp, line 1366]

Events (20 events):
Event: 43.924 loading class com/android/tools/r8/dex/i done
Event: 43.959 loading class org/gradle/internal/fingerprint/impl/NameOnlyFingerprintingStrategy$1
Event: 43.959 loading class org/gradle/internal/fingerprint/impl/NameOnlyFingerprintingStrategy$1 done
Event: 43.983 loading class java/util/zip/ZipFile$EntrySpliterator
Event: 43.983 loading class java/util/Spliterators$AbstractSpliterator
Event: 43.983 loading class java/util/Spliterators$AbstractSpliterator done
Event: 43.983 loading class java/util/zip/ZipFile$EntrySpliterator done
Event: 43.985 loading class com/android/build/gradle/internal/dependency/ExtractJniTransform$doTransform$1$entries$1
Event: 43.985 loading class com/android/build/gradle/internal/dependency/ExtractJniTransform$doTransform$1$entries$1 done
Event: 43.993 loading class org/gradle/api/internal/tasks/execution/TaskExecution$2
Event: 43.993 loading class org/gradle/api/internal/tasks/execution/TaskExecution$2 done
Event: 44.000 loading class org/gradle/internal/execution/history/AfterExecutionState
Event: 44.000 loading class org/gradle/internal/execution/history/AfterExecutionState done
Event: 44.001 loading class org/gradle/caching/internal/origin/OriginMetadata
Event: 44.001 loading class org/gradle/caching/internal/origin/OriginMetadata done
Event: 44.001 loading class org/gradle/internal/execution/history/AfterExecutionState
Event: 44.001 loading class org/gradle/internal/execution/history/AfterExecutionState done
Event: 44.005 loading class com/google/common/collect/ImmutableList$SerializedForm
Event: 44.005 loading class com/google/common/collect/ImmutableList$SerializedForm done
Event: 44.034 Executing VM operation: G1CollectForAllocation


Dynamic libraries:
0x00007ff6cd0c0000 - 0x00007ff6cd0ca000 	C:\Program Files\Android\Android Studio\jre\bin\java.exe
0x00007ffb11790000 - 0x00007ffb11988000 	C:\Windows\SYSTEM32\ntdll.dll
0x00007ffb10340000 - 0x00007ffb103ff000 	C:\Windows\System32\KERNEL32.DLL
0x00007ffb0ee70000 - 0x00007ffb0f166000 	C:\Windows\System32\KERNELBASE.dll
0x00007ffb0f200000 - 0x00007ffb0f300000 	C:\Windows\System32\ucrtbase.dll
0x00007ffaf5080000 - 0x00007ffaf5099000 	C:\Program Files\Android\Android Studio\jre\bin\jli.dll
0x00007ffb0f7f0000 - 0x00007ffb0f98d000 	C:\Windows\System32\USER32.dll
0x00007ffb0f570000 - 0x00007ffb0f592000 	C:\Windows\System32\win32u.dll
0x00007ffb11080000 - 0x00007ffb110ac000 	C:\Windows\System32\GDI32.dll
0x00007ffb0f450000 - 0x00007ffb0f565000 	C:\Windows\System32\gdi32full.dll
0x00007ffb0f5f0000 - 0x00007ffb0f68d000 	C:\Windows\System32\msvcp_win.dll
0x00007ffaf4f10000 - 0x00007ffaf4f27000 	C:\Program Files\Android\Android Studio\jre\bin\VCRUNTIME140.dll
0x00007ffb06400000 - 0x00007ffb0669a000 	C:\Windows\WinSxS\amd64_microsoft.windows.common-controls_6595b64144ccf1df_6.0.19041.1110_none_60b5254171f9507e\COMCTL32.dll
0x00007ffb114a0000 - 0x00007ffb1153e000 	C:\Windows\System32\msvcrt.dll
0x00007ffb11050000 - 0x00007ffb11080000 	C:\Windows\System32\IMM32.DLL
0x00007ffad81b0000 - 0x00007ffad824d000 	C:\Program Files\Android\Android Studio\jre\bin\msvcp140.dll
0x00007ffa865b0000 - 0x00007ffa870b2000 	C:\Program Files\Android\Android Studio\jre\bin\server\jvm.dll
0x00007ffb11540000 - 0x00007ffb115ef000 	C:\Windows\System32\ADVAPI32.dll
0x00007ffb10ed0000 - 0x00007ffb10f6c000 	C:\Windows\System32\sechost.dll
0x00007ffb10770000 - 0x00007ffb10896000 	C:\Windows\System32\RPCRT4.dll
0x00007ffb11650000 - 0x00007ffb11658000 	C:\Windows\System32\PSAPI.DLL
0x00007ffb0a7c0000 - 0x00007ffb0a7c9000 	C:\Windows\SYSTEM32\WSOCK32.dll
0x00007ffb11430000 - 0x00007ffb1149b000 	C:\Windows\System32\WS2_32.dll
0x00007ffb05170000 - 0x00007ffb0517a000 	C:\Windows\SYSTEM32\VERSION.dll
0x00007ffb04570000 - 0x00007ffb04597000 	C:\Windows\SYSTEM32\WINMM.dll
0x00007ffb0ccc0000 - 0x00007ffb0ccd2000 	C:\Windows\SYSTEM32\kernel.appcore.dll
0x00007ffb032b0000 - 0x00007ffb032c1000 	C:\Program Files\Android\Android Studio\jre\bin\verify.dll
0x00007ffb02fb0000 - 0x00007ffb03194000 	C:\Windows\SYSTEM32\DBGHELP.DLL
0x00007ffb02860000 - 0x00007ffb02894000 	C:\Windows\SYSTEM32\dbgcore.DLL
0x00007ffb0f170000 - 0x00007ffb0f1f2000 	C:\Windows\System32\bcryptPrimitives.dll
0x00007ffaff810000 - 0x00007ffaff839000 	C:\Program Files\Android\Android Studio\jre\bin\java.dll
0x00007ffb01cd0000 - 0x00007ffb01cdb000 	C:\Program Files\Android\Android Studio\jre\bin\jimage.dll
0x00007ffb01c60000 - 0x00007ffb01c78000 	C:\Program Files\Android\Android Studio\jre\bin\zip.dll
0x00007ffb0fac0000 - 0x00007ffb10204000 	C:\Windows\System32\SHELL32.dll
0x00007ffb0cee0000 - 0x00007ffb0d673000 	C:\Windows\SYSTEM32\windows.storage.dll
0x00007ffb110b0000 - 0x00007ffb11404000 	C:\Windows\System32\combase.dll
0x00007ffb0e8c0000 - 0x00007ffb0e8ee000 	C:\Windows\SYSTEM32\Wldp.dll
0x00007ffb10e20000 - 0x00007ffb10ecd000 	C:\Windows\System32\SHCORE.dll
0x00007ffb10210000 - 0x00007ffb10265000 	C:\Windows\System32\shlwapi.dll
0x00007ffb0edb0000 - 0x00007ffb0edcf000 	C:\Windows\SYSTEM32\profapi.dll
0x00007ffafee40000 - 0x00007ffafee5a000 	C:\Program Files\Android\Android Studio\jre\bin\net.dll
0x00007ffb09240000 - 0x00007ffb0934a000 	C:\Windows\SYSTEM32\WINHTTP.dll
0x00007ffb0e620000 - 0x00007ffb0e68a000 	C:\Windows\system32\mswsock.dll
0x00007ffafe0d0000 - 0x00007ffafe0e4000 	C:\Program Files\Android\Android Studio\jre\bin\nio.dll
0x00007ffaf5770000 - 0x00007ffaf5797000 	C:\Users\mahmo\.gradle\native\e1d6ef7f7dcc3fd88c89a11ec53ec762bb8ba0a96d01ffa2cd45eb1d1d8dd5c5\windows-amd64\native-platform.dll
0x00007ffa847d0000 - 0x00007ffa84914000 	C:\Users\mahmo\.gradle\native\0d407fdbe67a94daf76414ababcb853783967236a71b16ec16e742cd7a986fd3\windows-amd64\native-platform-file-events.dll
0x00007ffb01cc0000 - 0x00007ffb01cca000 	C:\Program Files\Android\Android Studio\jre\bin\management.dll
0x00007ffafee30000 - 0x00007ffafee3d000 	C:\Program Files\Android\Android Studio\jre\bin\management_ext.dll
0x00007ffb0e810000 - 0x00007ffb0e828000 	C:\Windows\SYSTEM32\CRYPTSP.dll
0x00007ffb0dea0000 - 0x00007ffb0ded4000 	C:\Windows\system32\rsaenh.dll
0x00007ffb0f420000 - 0x00007ffb0f447000 	C:\Windows\System32\bcrypt.dll
0x00007ffb0ed30000 - 0x00007ffb0ed5e000 	C:\Windows\SYSTEM32\USERENV.dll
0x00007ffb0e830000 - 0x00007ffb0e83c000 	C:\Windows\SYSTEM32\CRYPTBASE.dll
0x00007ffb0e2c0000 - 0x00007ffb0e2fc000 	C:\Windows\SYSTEM32\IPHLPAPI.DLL
0x00007ffb10760000 - 0x00007ffb10768000 	C:\Windows\System32\NSI.dll
0x00007ffb080f0000 - 0x00007ffb08107000 	C:\Windows\SYSTEM32\dhcpcsvc6.DLL
0x00007ffb080d0000 - 0x00007ffb080ed000 	C:\Windows\SYSTEM32\dhcpcsvc.DLL
0x00007ffb0e310000 - 0x00007ffb0e3da000 	C:\Windows\SYSTEM32\DNSAPI.dll

dbghelp: loaded successfully - version: 4.0.5 - missing functions: none
symbol engine: initialized successfully - sym options: 0x614 - pdb path: .;C:\Program Files\Android\Android Studio\jre\bin;C:\Windows\SYSTEM32;C:\Windows\WinSxS\amd64_microsoft.windows.common-controls_6595b64144ccf1df_6.0.19041.1110_none_60b5254171f9507e;C:\Program Files\Android\Android Studio\jre\bin\server;C:\Users\mahmo\.gradle\native\e1d6ef7f7dcc3fd88c89a11ec53ec762bb8ba0a96d01ffa2cd45eb1d1d8dd5c5\windows-amd64;C:\Users\mahmo\.gradle\native\0d407fdbe67a94daf76414ababcb853783967236a71b16ec16e742cd7a986fd3\windows-amd64

VM Arguments:
jvm_args: --add-opens=java.base/java.util=ALL-UNNAMED --add-opens=java.base/java.lang=ALL-UNNAMED --add-opens=java.base/java.lang.invoke=ALL-UNNAMED --add-opens=java.base/java.util=ALL-UNNAMED --add-opens=java.prefs/java.util.prefs=ALL-UNNAMED --add-opens=java.prefs/java.util.prefs=ALL-UNNAMED --add-opens=java.base/java.nio.charset=ALL-UNNAMED --add-opens=java.base/java.net=ALL-UNNAMED --add-opens=java.base/java.util.concurrent.atomic=ALL-UNNAMED -Xmx2048m -Dfile.encoding=UTF-8 -Duser.country=US -Duser.language=en -Duser.variant 
java_command: org.gradle.launcher.daemon.bootstrap.GradleDaemon 7.4
java_class_path (initial): C:\Users\mahmo\.gradle\wrapper\dists\gradle-7.4-bin\c0gwcg53nkjbqw7r0h0umtfvt\gradle-7.4\lib\gradle-launcher-7.4.jar
Launcher Type: SUN_STANDARD

[Global flags]
     intx CICompilerCount                          = 4                                         {product} {ergonomic}
     uint ConcGCThreads                            = 3                                         {product} {ergonomic}
     uint G1ConcRefinementThreads                  = 10                                        {product} {ergonomic}
   size_t G1HeapRegionSize                         = 1048576                                   {product} {ergonomic}
    uintx GCDrainStackTargetSize                   = 64                                        {product} {ergonomic}
   size_t InitialHeapSize                          = 123731968                                 {product} {ergonomic}
   size_t MarkStackSize                            = 4194304                                   {product} {ergonomic}
   size_t MaxHeapSize                              = 2147483648                                {product} {command line}
   size_t MaxNewSize                               = 1287651328                                {product} {ergonomic}
   size_t MinHeapDeltaBytes                        = 1048576                                   {product} {ergonomic}
    uintx NonNMethodCodeHeapSize                   = 5836300                                {pd product} {ergonomic}
    uintx NonProfiledCodeHeapSize                  = 122910970                              {pd product} {ergonomic}
    uintx ProfiledCodeHeapSize                     = 122910970                              {pd product} {ergonomic}
    uintx ReservedCodeCacheSize                    = 251658240                              {pd product} {ergonomic}
     bool SegmentedCodeCache                       = true                                      {product} {ergonomic}
     bool UseCompressedClassPointers               = true                                 {lp64_product} {ergonomic}
     bool UseCompressedOops                        = true                                 {lp64_product} {ergonomic}
     bool UseG1GC                                  = true                                      {product} {ergonomic}
     bool UseLargePagesIndividualAllocation        = false                                  {pd product} {ergonomic}

Logging:
Log output configuration:
 #0: stdout all=warning uptime,level,tags
 #1: stderr all=off uptime,level,tags

Environment Variables:
PATH=C:\Program Files\Microsoft MPI\Bin\;C:\Windows\system32;C:\Windows;C:\Windows\System32\Wbem;C:\Windows\System32\WindowsPowerShell\v1.0\;C:\Windows\System32\OpenSSH\;C:\Program Files\dotnet\;C:\Program Files\Git\cmd;C:\Program Files\nodejs\;C:\ProgramData\chocolatey\bin;C:\Users\mahmo\anaconda3;C:\Users\mahmo\.m2;C:\Program Files\Microsoft SQL Server\150\Tools\Binn\;C:\Program Files\Common Files\Autodesk Shared\;C:\Program Files\Cloudflare\Cloudflare WARP\;C:\Users\mahmo\AppData\Local\Microsoft\WindowsApps;C:\Users\mahmo\AppData\Local\Programs\Microsoft VS Code\bin;C:\Users\mahmo\.dotnet\tools;C:\src\flutter\flutter\bin;C:\Program Files\JetBrains\IntelliJ IDEA Community Edition 2021.3.2\bin;;C:\Users\mahmo\AppData\Roaming\npm;D:\Program Files\PyCharm Community Edition 2021.3.2\bin;;C:\Users\mahmo\AppData\Local\GitHubDesktop\bin
USERNAME=mahmo
OS=Windows_NT
PROCESSOR_IDENTIFIER=AMD64 Family 23 Model 96 Stepping 1, AuthenticAMD



---------------  S Y S T E M  ---------------

OS: Windows 10 , 64 bit Build 19041 (10.0.19041.3031)
OS uptime: 0 days 0:38 hours
Hyper-V role detected

CPU:total 12 (initial active 12) (12 cores per cpu, 2 threads per core) family 23 model 96 stepping 1 microcode 0x0, cmov, cx8, fxsr, mmx, sse, sse2, sse3, ssse3, sse4.1, sse4.2, popcnt, avx, avx2, aes, clmul, mmxext, 3dnowpref, lzcnt, sse4a, ht, tsc, tscinvbit, tscinv, bmi1, bmi2, adx, sha, fma

Memory: 4k page, system-wide physical 7545M (562M free)
TotalPageFile size 15033M (AvailPageFile size 18M)
current process WorkingSet (physical memory assigned to process): 553M, peak: 553M
current process commit charge ("private bytes"): 597M, peak: 635M

vm_info: OpenJDK 64-Bit Server VM (11.0.13+0-b1751.21-8125866) for windows-amd64 JRE (11.0.13+0-b1751.21-8125866), built on Feb  2 2022 03:00:22 by "builder" with MS VC++ 14.0 (VS2015)

END.
